0001_0019_0010_0068_0068.jpg 1 19 10 68 68
0002_0023_0006_0061_0061.jpg 1 23 6 61 61
0003_0010_0047_0035_0035.jpg 1 10 47 35 35
0004_0034_0009_0044_0044.jpg 1 34 9 44 44
0005_0015_0034_0039_0039.jpg 1 15 34 39 39
0006_0010_0021_0042_0042.jpg 1 10 21 42 42
0007_0014_0008_0028_0028.jpg 1 14 8 28 28
0008_0025_0021_0059_0059.jpg 1 25 21 59 59
0009_0031_0042_0051_0051.jpg 1 31 42 51 51
0010_0045_0022_0041_0041.jpg 1 45 22 41 41
0011_0053_0029_0029_0029.jpg 1 53 29 29 29
0012_0029_0004_0056_0056.jpg 1 29 4 56 56
0013_0024_0024_0053_0053.jpg 1 24 24 53 53
0014_0046_0051_0031_0031.jpg 1 46 51 31 31
0015_0023_0029_0058_0058.jpg 1 23 29 58 58
0016_0023_0045_0049_0049.jpg 1 23 45 49 49
0017_0022_0011_0069_0069.jpg 1 22 11 69 69
0018_0042_0017_0031_0031.jpg 1 42 17 31 31
0019_0008_0025_0067_0067.jpg 1 8 25 67 67
0020_0024_0032_0053_0053.jpg 1 24 32 53 53
0021_0025_0025_0069_0069.jpg 1 25 25 69 69
0022_0034_0041_0049_0049.jpg 1 34 41 49 49
0023_0024_0021_0054_0054.jpg 1 24 21 54 54
0024_0012_0021_0063_0063.jpg 1 12 21 63 63
0025_0033_0024_0042_0042.jpg 1 33 24 42 42
0026_0042_0036_0052_0052.jpg 1 42 36 52 52
0027_0047_0052_0039_0039.jpg 1 47 52 39 39
0028_0022_0027_0063_0063.jpg 1 22 27 63 63
0029_0061_0026_0025_0025.jpg 1 61 26 25 25
0030_0039_0044_0051_0051.jpg 1 39 44 51 51
0031_0015_0008_0066_0066.jpg 1 15 8 66 66
0032_0010_0007_0038_0038.jpg 1 10 7 38 38
0033_0024_0032_0055_0055.jpg 1 24 32 55 55
0034_0007_0014_0065_0065.jpg 1 7 14 65 65
0035_0038_0011_0054_0054.jpg 1 38 11 54 54
0036_0027_0012_0064_0064.jpg 1 27 12 64 64
0037_0022_0008_0045_0045.jpg 1 22 8 45 45
0038_0055_0053_0037_0037.jpg 1 55 53 37 37
0039_0038_0023_0024_0024.jpg 1 38 23 24 24
0040_0022_0030_0060_0060.jpg 1 22 30 60 60
0041_0024_0030_0062_0062.jpg 1 24 30 62 62
0042_0009_0030_0063_0063.jpg 1 9 30 63 63
0043_0025_0023_0062_0062.jpg 1 25 23 62 62
0044_0008_0040_0027_0027.jpg 1 8 40 27 27
0045_0031_0034_0058_0058.jpg 1 31 34 58 58
0046_0049_0040_0035_0035.jpg 1 49 40 35 35
0047_0007_0009_0064_0064.jpg 1 7 9 64 64
0048_0025_0021_0068_0068.jpg 1 25 21 68 68
0049_0010_0029_0050_0050.jpg 1 10 29 50 50
0050_0031_0010_0063_0063.jpg 1 31 10 63 63
0051_0030_0006_0059_0059.jpg 1 30 6 59 59
0052_0015_0008_0027_0027.jpg 1 15 8 27 27
0053_0009_0025_0049_0049.jpg 1 9 25 49 49
0054_0017_0017_0052_0052.jpg 1 17 17 52 52
0055_0006_0036_0035_0035.jpg 1 6 36 35 35
0056_0014_0024_0065_0065.jpg 1 14 24 65 65
0057_0011_0006_0050_0050.jpg 1 11 6 50 50
0058_0028_0010_0041_0041.jpg 1 28 10 41 41
0059_0043_0010_0042_0042.jpg 1 43 10 42 42
0060_0019_0046_0025_0025.jpg 1 19 46 25 25
0061_0011_0047_0027_0027.jpg 1 11 47 27 27
0062_0022_0046_0043_0043.jpg 1 22 46 43 43
0063_0024_0013_0069_0069.jpg 1 24 13 69 69
0064_0021_0036_0057_0057.jpg 1 21 36 57 57
0065_0009_0023_0042_0042.jpg 1 9 23 42 42
0066_0014_0054_0026_0026.jpg 1 14 54 26 26
0067_0025_0012_0045_0045.jpg 1 25 12 45 45
0068_0018_0022_0069_0069.jpg 1 18 22 69 69
0069_0023_0032_0052_0052.jpg 1 23 32 52 52
0070_0027_0006_0046_0046.jpg 1 27 6 46 46
0071_0031_0037_0034_0034.jpg 1 31 37 34 34
0072_0029_0059_0029_0029.jpg 1 29 59 29 29
0073_0040_0040_0044_0044.jpg 1 40 40 44 44
0074_0021_0013_0028_0028.jpg 1 21 13 28 28
0075_0005_0022_0059_0059.jpg 1 5 22 59 59
0076_0050_0006_0034_0034.jpg 1 50 6 34 34
0077_0041_0025_0053_0053.jpg 1 41 25 53 53
0078_0036_0048_0029_0029.jpg 1 36 48 29 29
0079_0017_0015_0030_0030.jpg 1 17 15 30 30
0080_0010_0009_0067_0067.jpg 1 10 9 67 67
0081_0032_0034_0046_0046.jpg 1 32 34 46 46
0082_0011_0060_0028_0028.jpg 1 11 60 28 28
0083_0022_0017_0064_0064.jpg 1 22 17 64 64
0084_0014_0010_0067_0067.jpg 1 14 10 67 67
0085_0023_0025_0058_0058.jpg 1 23 25 58 58
0086_0034_0005_0050_0050.jpg 1 34 5 50 50
0087_0052_0027_0026_0026.jpg 1 52 27 26 26
0088_0011_0021_0056_0056.jpg 1 11 21 56 56
0089_0049_0008_0039_0039.jpg 1 49 8 39 39
0090_0027_0017_0039_0039.jpg 1 27 17 39 39
0091_0046_0018_0038_0038.jpg 1 46 18 38 38
0092_0042_0017_0045_0045.jpg 1 42 17 45 45
0093_0028_0007_0064_0064.jpg 1 28 7 64 64
0094_0025_0035_0054_0054.jpg 1 25 35 54 54
0095_0032_0034_0040_0040.jpg 1 32 34 40 40
0096_0008_0032_0044_0044.jpg 1 8 32 44 44
0097_0033_0042_0041_0041.jpg 1 33 42 41 41
0098_0035_0028_0057_0057.jpg 1 35 28 57 57
0099_0008_0040_0048_0048.jpg 1 8 40 48 48
0100_0064_0043_0026_0026.jpg 1 64 43 26 26
0101_0034_0013_0048_0048.jpg 1 34 13 48 48
0102_0045_0034_0046_0046.jpg 1 45 34 46 46
0103_0058_0041_0034_0034.jpg 1 58 41 34 34
0104_0009_0041_0040_0040.jpg 1 9 41 40 40
0105_0023_0021_0066_0066.jpg 1 23 21 66 66
0106_0022_0026_0046_0046.jpg 1 22 26 46 46
0107_0007_0033_0045_0045.jpg 1 7 33 45 45
0108_0026_0040_0047_0047.jpg 1 26 40 47 47
0109_0015_0028_0063_0063.jpg 1 15 28 63 63
0110_0032_0032_0063_0063.jpg 1 32 32 63 63
0111_0033_0031_0058_0058.jpg 1 33 31 58 58
0112_0019_0011_0046_0046.jpg 1 19 11 46 46
0113_0035_0032_0056_0056.jpg 1 35 32 56 56
0114_0034_0033_0055_0055.jpg 1 34 33 55 55
0115_0013_0028_0047_0047.jpg 1 13 28 47 47
0116_0031_0018_0039_0039.jpg 1 31 18 39 39
0117_0024_0017_0058_0058.jpg 1 24 17 58 58
0118_0047_0059_0033_0033.jpg 1 47 59 33 33
0119_0011_0004_0062_0062.jpg 1 11 4 62 62
0120_0043_0040_0042_0042.jpg 1 43 40 42 42
0121_0022_0017_0066_0066.jpg 1 22 17 66 66
0122_0025_0030_0039_0039.jpg 1 25 30 39 39
0123_0023_0017_0055_0055.jpg 1 23 17 55 55
0124_0036_0019_0025_0025.jpg 1 36 19 25 25
0125_0039_0031_0045_0045.jpg 1 39 31 45 45
0126_0036_0004_0056_0056.jpg 1 36 4 56 56
0127_0016_0026_0058_0058.jpg 1 16 26 58 58
0128_0024_0017_0068_0068.jpg 1 24 17 68 68
0129_0031_0013_0039_0039.jpg 1 31 13 39 39
0130_0008_0023_0053_0053.jpg 1 8 23 53 53
0131_0022_0010_0057_0057.jpg 1 22 10 57 57
0132_0045_0024_0034_0034.jpg 1 45 24 34 34
0133_0028_0026_0063_0063.jpg 1 28 26 63 63
0134_0012_0024_0056_0056.jpg 1 12 24 56 56
0135_0034_0013_0058_0058.jpg 1 34 13 58 58
0136_0010_0011_0041_0041.jpg 1 10 11 41 41
0137_0055_0029_0030_0030.jpg 1 55 29 30 30
0138_0023_0006_0067_0067.jpg 1 23 6 67 67
0139_0059_0034_0025_0025.jpg 1 59 34 25 25
0140_0018_0051_0039_0039.jpg 1 18 51 39 39
0141_0041_0035_0045_0045.jpg 1 41 35 45 45
0142_0036_0016_0034_0034.jpg 1 36 16 34 34
0143_0037_0018_0050_0050.jpg 1 37 18 50 50
0144_0011_0021_0041_0041.jpg 1 11 21 41 41
0145_0022_0032_0040_0040.jpg 1 22 32 40 40
0146_0044_0035_0041_0041.jpg 1 44 35 41 41
0147_0017_0020_0057_0057.jpg 1 17 20 57 57
0148_0058_0023_0032_0032.jpg 1 58 23 32 32
0149_0009_0009_0027_0027.jpg 1 9 9 27 27
0150_0019_0024_0068_0068.jpg 1 19 24 68 68
0151_0014_0017_0058_0058.jpg 1 14 17 58 58
0152_0053_0046_0029_0029.jpg 1 53 46 29 29
0153_0015_0025_0068_0068.jpg 1 15 25 68 68
0154_0020_0043_0037_0037.jpg 1 20 43 37 37
0155_0016_0046_0048_0048.jpg 1 16 46 48 48
0156_0024_0033_0033_0033.jpg 1 24 33 33 33
0157_0026_0015_0030_0030.jpg 1 26 15 30 30
0158_0052_0030_0025_0025.jpg 1 52 30 25 25
0159_0008_0019_0062_0062.jpg 1 8 19 62 62
0160_0026_0011_0060_0060.jpg 1 26 11 60 60
0161_0006_0024_0063_0063.jpg 1 6 24 63 63
0162_0039_0031_0052_0052.jpg 1 39 31 52 52
0163_0034_0009_0031_0031.jpg 1 34 9 31 31
0164_0018_0043_0036_0036.jpg 1 18 43 36 36
0165_0020_0021_0048_0048.jpg 1 20 21 48 48
0166_0005_0025_0067_0067.jpg 1 5 25 67 67
0167_0049_0055_0038_0038.jpg 1 49 55 38 38
0168_0016_0011_0037_0037.jpg 1 16 11 37 37
0169_0031_0053_0025_0025.jpg 1 31 53 25 25
0170_0011_0014_0069_0069.jpg 1 11 14 69 69
0171_0017_0040_0048_0048.jpg 1 17 40 48 48
0172_0037_0005_0052_0052.jpg 1 37 5 52 52
0173_0013_0007_0057_0057.jpg 1 13 7 57 57
0174_0010_0054_0039_0039.jpg 1 10 54 39 39
0175_0055_0012_0027_0027.jpg 1 55 12 27 27
0176_0017_0007_0061_0061.jpg 1 17 7 61 61
0177_0031_0025_0046_0046.jpg 1 31 25 46 46
0178_0049_0059_0034_0034.jpg 1 49 59 34 34
0179_0031_0035_0047_0047.jpg 1 31 35 47 47
0180_0027_0010_0062_0062.jpg 1 27 10 62 62
0181_0012_0036_0057_0057.jpg 1 12 36 57 57
0182_0016_0021_0038_0038.jpg 1 16 21 38 38
0183_0008_0020_0062_0062.jpg 1 8 20 62 62
0184_0009_0020_0063_0063.jpg 1 9 20 63 63
0185_0018_0012_0061_0061.jpg 1 18 12 61 61
0186_0028_0010_0040_0040.jpg 1 28 10 40 40
0187_0036_0027_0049_0049.jpg 1 36 27 49 49
0188_0005_0017_0052_0052.jpg 1 5 17 52 52
0189_0007_0010_0034_0034.jpg 1 7 10 34 34
0190_0012_0048_0044_0044.jpg 1 12 48 44 44
0191_0038_0062_0025_0025.jpg 1 38 62 25 25
0192_0022_0053_0025_0025.jpg 1 22 53 25 25
0193_0049_0016_0034_0034.jpg 1 49 16 34 34
0194_0011_0022_0066_0066.jpg 1 11 22 66 66
0195_0004_0019_0055_0055.jpg 1 4 19 55 55
0196_0035_0045_0041_0041.jpg 1 35 45 41 41
0197_0033_0028_0059_0059.jpg 1 33 28 59 59
0198_0020_0021_0069_0069.jpg 1 20 21 69 69
0199_0006_0031_0056_0056.jpg 1 6 31 56 56
0200_0029_0037_0058_0058.jpg 1 29 37 58 58
0201_0022_0032_0052_0052.jpg 1 22 32 52 52
0202_0038_0032_0052_0052.jpg 1 38 32 52 52
0203_0047_0040_0047_0047.jpg 1 47 40 47 47
0204_0009_0036_0047_0047.jpg 1 9 36 47 47
0205_0023_0053_0029_0029.jpg 1 23 53 29 29
0206_0012_0026_0054_0054.jpg 1 12 26 54 54
0207_0039_0045_0040_0040.jpg 1 39 45 40 40
0208_0042_0033_0040_0040.jpg 1 42 33 40 40
0209_0013_0021_0052_0052.jpg 1 13 21 52 52
0210_0017_0029_0065_0065.jpg 1 17 29 65 65
0211_0011_0027_0052_0052.jpg 1 11 27 52 52
0212_0008_0007_0062_0062.jpg 1 8 7 62 62
0213_0018_0047_0044_0044.jpg 1 18 47 44 44
0214_0014_0058_0033_0033.jpg 1 14 58 33 33
0215_0050_0008_0042_0042.jpg 1 50 8 42 42
0216_0014_0040_0041_0041.jpg 1 14 40 41 41
0217_0018_0018_0064_0064.jpg 1 18 18 64 64
0218_0028_0029_0049_0049.jpg 1 28 29 49 49
0219_0029_0014_0057_0057.jpg 1 29 14 57 57
0220_0006_0015_0043_0043.jpg 1 6 15 43 43
0221_0054_0036_0025_0025.jpg 1 54 36 25 25
0222_0028_0013_0063_0063.jpg 1 28 13 63 63
0223_0026_0028_0063_0063.jpg 1 26 28 63 63
0224_0028_0008_0051_0051.jpg 1 28 8 51 51
0225_0042_0020_0050_0050.jpg 1 42 20 50 50
0226_0017_0027_0024_0024.jpg 1 17 27 24 24
0227_0014_0027_0067_0067.jpg 1 14 27 67 67
0228_0008_0043_0043_0043.jpg 1 8 43 43 43
0229_0025_0035_0043_0043.jpg 1 25 35 43 43
0230_0026_0023_0055_0055.jpg 1 26 23 55 55
0231_0013_0005_0065_0065.jpg 1 13 5 65 65
0232_0063_0007_0029_0029.jpg 1 63 7 29 29
0233_0034_0025_0048_0048.jpg 1 34 25 48 48
0234_0008_0020_0060_0060.jpg 1 8 20 60 60
0235_0063_0046_0029_0029.jpg 1 63 46 29 29
0236_0036_0043_0052_0052.jpg 1 36 43 52 52
0237_0021_0020_0065_0065.jpg 1 21 20 65 65
0238_0042_0012_0045_0045.jpg 1 42 12 45 45
0239_0032_0004_0058_0058.jpg 1 32 4 58 58
0240_0014_0030_0029_0029.jpg 1 14 30 29 29
0241_0027_0045_0036_0036.jpg 1 27 45 36 36
0242_0015_0007_0056_0056.jpg 1 15 7 56 56
0243_0022_0018_0047_0047.jpg 1 22 18 47 47
0244_0034_0030_0053_0053.jpg 1 34 30 53 53
0245_0025_0022_0047_0047.jpg 1 25 22 47 47
0246_0006_0029_0065_0065.jpg 1 6 29 65 65
0247_0035_0045_0046_0046.jpg 1 35 45 46 46
0248_0039_0052_0042_0042.jpg 1 39 52 42 42
0249_0029_0061_0032_0032.jpg 1 29 61 32 32
0250_0007_0059_0032_0032.jpg 1 7 59 32 32
0251_0036_0033_0039_0039.jpg 1 36 33 39 39
0252_0022_0037_0031_0031.jpg 1 22 37 31 31
0253_0023_0012_0064_0064.jpg 1 23 12 64 64
0254_0030_0039_0041_0041.jpg 1 30 39 41 41
0255_0045_0010_0049_0049.jpg 1 45 10 49 49
0256_0042_0033_0039_0039.jpg 1 42 33 39 39
0257_0016_0007_0035_0035.jpg 1 16 7 35 35
0258_0014_0023_0052_0052.jpg 1 14 23 52 52
0259_0024_0027_0055_0055.jpg 1 24 27 55 55
0260_0031_0026_0041_0041.jpg 1 31 26 41 41
0261_0037_0034_0025_0025.jpg 1 37 34 25 25
0262_0030_0014_0060_0060.jpg 1 30 14 60 60
0263_0065_0042_0027_0027.jpg 1 65 42 27 27
0264_0022_0056_0036_0036.jpg 1 22 56 36 36
0265_0034_0031_0049_0049.jpg 1 34 31 49 49
0266_0013_0005_0068_0068.jpg 1 13 5 68 68
0267_0028_0021_0049_0049.jpg 1 28 21 49 49
0268_0030_0025_0051_0051.jpg 1 30 25 51 51
0269_0007_0013_0064_0064.jpg 1 7 13 64 64
0270_0026_0055_0035_0035.jpg 1 26 55 35 35
0271_0029_0014_0062_0062.jpg 1 29 14 62 62
0272_0010_0021_0065_0065.jpg 1 10 21 65 65
0273_0031_0019_0059_0059.jpg 1 31 19 59 59
0274_0007_0006_0060_0060.jpg 1 7 6 60 60
0275_0020_0018_0029_0029.jpg 1 20 18 29 29
0276_0016_0022_0059_0059.jpg 1 16 22 59 59
0277_0019_0020_0056_0056.jpg 1 19 20 56 56
0278_0033_0016_0030_0030.jpg 1 33 16 30 30
0279_0032_0025_0056_0056.jpg 1 32 25 56 56
0280_0004_0015_0062_0062.jpg 1 4 15 62 62
0281_0033_0005_0061_0061.jpg 1 33 5 61 61
0282_0010_0008_0069_0069.jpg 1 10 8 69 69
0283_0009_0008_0062_0062.jpg 1 9 8 62 62
0284_0016_0019_0063_0063.jpg 1 16 19 63 63
0285_0012_0045_0049_0049.jpg 1 12 45 49 49
0286_0028_0018_0039_0039.jpg 1 28 18 39 39
0287_0019_0015_0069_0069.jpg 1 19 15 69 69
0288_0004_0022_0065_0065.jpg 1 4 22 65 65
0289_0054_0042_0034_0034.jpg 1 54 42 34 34
0290_0028_0037_0055_0055.jpg 1 28 37 55 55
0291_0055_0014_0026_0026.jpg 1 55 14 26 26
0292_0035_0049_0041_0041.jpg 1 35 49 41 41
0293_0043_0038_0029_0029.jpg 1 43 38 29 29
0294_0043_0015_0048_0048.jpg 1 43 15 48 48
0295_0033_0018_0057_0057.jpg 1 33 18 57 57
0296_0042_0034_0035_0035.jpg 1 42 34 35 35
0297_0035_0021_0053_0053.jpg 1 35 21 53 53
0298_0014_0010_0028_0028.jpg 1 14 10 28 28
0299_0014_0034_0055_0055.jpg 1 14 34 55 55
0300_0008_0017_0052_0052.jpg 1 8 17 52 52
0301_0009_0018_0066_0066.jpg 1 9 18 66 66
0302_0048_0019_0028_0028.jpg 1 48 19 28 28
0303_0027_0028_0063_0063.jpg 1 27 28 63 63
0304_0041_0027_0036_0036.jpg 1 41 27 36 36
0305_0034_0038_0052_0052.jpg 1 34 38 52 52
0306_0038_0022_0035_0035.jpg 1 38 22 35 35
0307_0005_0012_0064_0064.jpg 1 5 12 64 64
0308_0013_0013_0069_0069.jpg 1 13 13 69 69
0309_0028_0008_0061_0061.jpg 1 28 8 61 61
0310_0045_0025_0027_0027.jpg 1 45 25 27 27
0311_0020_0048_0034_0034.jpg 1 20 48 34 34
0312_0030_0027_0027_0027.jpg 1 30 27 27 27
0313_0027_0033_0050_0050.jpg 1 27 33 50 50
0314_0034_0033_0057_0057.jpg 1 34 33 57 57
0315_0035_0010_0050_0050.jpg 1 35 10 50 50
0316_0057_0034_0024_0024.jpg 1 57 34 24 24
0317_0008_0012_0053_0053.jpg 1 8 12 53 53
0318_0026_0033_0060_0060.jpg 1 26 33 60 60
0319_0010_0017_0025_0025.jpg 1 10 17 25 25
0320_0036_0012_0047_0047.jpg 1 36 12 47 47
0321_0012_0020_0055_0055.jpg 1 12 20 55 55
0322_0007_0038_0048_0048.jpg 1 7 38 48 48
0323_0012_0037_0050_0050.jpg 1 12 37 50 50
0324_0053_0038_0037_0037.jpg 1 53 38 37 37
0325_0007_0036_0056_0056.jpg 1 7 36 56 56
0326_0015_0020_0050_0050.jpg 1 15 20 50 50
0327_0016_0013_0041_0041.jpg 1 16 13 41 41
0328_0028_0030_0029_0029.jpg 1 28 30 29 29
0329_0028_0031_0061_0061.jpg 1 28 31 61 61
0330_0019_0008_0048_0048.jpg 1 19 8 48 48
0331_0009_0024_0059_0059.jpg 1 9 24 59 59
0332_0047_0049_0031_0031.jpg 1 47 49 31 31
0333_0025_0048_0025_0025.jpg 1 25 48 25 25
0334_0016_0021_0061_0061.jpg 1 16 21 61 61
0335_0017_0027_0065_0065.jpg 1 17 27 65 65
0336_0012_0012_0061_0061.jpg 1 12 12 61 61
0337_0018_0043_0028_0028.jpg 1 18 43 28 28
0338_0034_0013_0028_0028.jpg 1 34 13 28 28
0339_0045_0045_0027_0027.jpg 1 45 45 27 27
0340_0013_0033_0057_0057.jpg 1 13 33 57 57
0341_0041_0011_0054_0054.jpg 1 41 11 54 54
0342_0045_0048_0042_0042.jpg 1 45 48 42 42
0343_0005_0019_0067_0067.jpg 1 5 19 67 67
0344_0035_0039_0039_0039.jpg 1 35 39 39 39
0345_0014_0028_0034_0034.jpg 1 14 28 34 34
0346_0040_0044_0027_0027.jpg 1 40 44 27 27
0347_0021_0037_0036_0036.jpg 1 21 37 36 36
0348_0011_0014_0063_0063.jpg 1 11 14 63 63
0349_0036_0018_0051_0051.jpg 1 36 18 51 51
0350_0006_0005_0069_0069.jpg 1 6 5 69 69
0351_0021_0038_0056_0056.jpg 1 21 38 56 56
0352_0041_0010_0035_0035.jpg 1 41 10 35 35
0353_0059_0046_0027_0027.jpg 1 59 46 27 27
0354_0059_0023_0024_0024.jpg 1 59 23 24 24
0355_0018_0017_0054_0054.jpg 1 18 17 54 54
0356_0018_0032_0055_0055.jpg 1 18 32 55 55
0357_0034_0008_0040_0040.jpg 1 34 8 40 40
0358_0008_0048_0033_0033.jpg 1 8 48 33 33
0359_0012_0028_0034_0034.jpg 1 12 28 34 34
0360_0024_0029_0044_0044.jpg 1 24 29 44 44
0361_0005_0014_0049_0049.jpg 1 5 14 49 49
0362_0014_0018_0061_0061.jpg 1 14 18 61 61
0363_0024_0007_0040_0040.jpg 1 24 7 40 40
0364_0035_0029_0040_0040.jpg 1 35 29 40 40
0365_0013_0035_0053_0053.jpg 1 13 35 53 53
0366_0029_0022_0063_0063.jpg 1 29 22 63 63
0367_0021_0028_0065_0065.jpg 1 21 28 65 65
0368_0018_0030_0058_0058.jpg 1 18 30 58 58
0369_0038_0028_0054_0054.jpg 1 38 28 54 54
0370_0016_0025_0041_0041.jpg 1 16 25 41 41
0371_0049_0036_0038_0038.jpg 1 49 36 38 38
0372_0019_0004_0062_0062.jpg 1 19 4 62 62
0373_0049_0052_0039_0039.jpg 1 49 52 39 39
0374_0011_0021_0066_0066.jpg 1 11 21 66 66
0375_0029_0023_0064_0064.jpg 1 29 23 64 64
0376_0020_0011_0048_0048.jpg 1 20 11 48 48
0377_0043_0041_0040_0040.jpg 1 43 41 40 40
0378_0015_0008_0024_0024.jpg 1 15 8 24 24
0379_0046_0031_0045_0045.jpg 1 46 31 45 45
0380_0005_0029_0065_0065.jpg 1 5 29 65 65
0381_0023_0021_0049_0049.jpg 1 23 21 49 49
0382_0038_0026_0031_0031.jpg 1 38 26 31 31
0383_0015_0033_0059_0059.jpg 1 15 33 59 59
0384_0021_0004_0060_0060.jpg 1 21 4 60 60
0385_0025_0050_0024_0024.jpg 1 25 50 24 24
0386_0020_0035_0027_0027.jpg 1 20 35 27 27
0387_0027_0036_0046_0046.jpg 1 27 36 46 46
0388_0062_0051_0026_0026.jpg 1 62 51 26 26
0389_0034_0009_0049_0049.jpg 1 34 9 49 49
0390_0022_0028_0061_0061.jpg 1 22 28 61 61
0391_0010_0019_0064_0064.jpg 1 10 19 64 64
0392_0033_0048_0027_0027.jpg 1 33 48 27 27
0393_0026_0048_0031_0031.jpg 1 26 48 31 31
0394_0017_0043_0024_0024.jpg 1 17 43 24 24
0395_0043_0022_0038_0038.jpg 1 43 22 38 38
0396_0041_0041_0042_0042.jpg 1 41 41 42 42
0397_0010_0010_0069_0069.jpg 1 10 10 69 69
0398_0014_0038_0053_0053.jpg 1 14 38 53 53
0399_0020_0016_0045_0045.jpg 1 20 16 45 45
0400_0022_0009_0058_0058.jpg 1 22 9 58 58
0401_0031_0020_0058_0058.jpg 1 31 20 58 58
0402_0024_0024_0032_0032.jpg 1 24 24 32 32
0403_0036_0031_0049_0049.jpg 1 36 31 49 49
0404_0007_0005_0046_0046.jpg 1 7 5 46 46
0405_0004_0014_0066_0066.jpg 1 4 14 66 66
0406_0009_0014_0068_0068.jpg 1 9 14 68 68
0407_0023_0033_0041_0041.jpg 1 23 33 41 41
0408_0024_0012_0062_0062.jpg 1 24 12 62 62
0409_0021_0025_0029_0029.jpg 1 21 25 29 29
0410_0039_0011_0046_0046.jpg 1 39 11 46 46
0411_0035_0035_0059_0059.jpg 1 35 35 59 59
0412_0020_0023_0056_0056.jpg 1 20 23 56 56
0413_0007_0028_0032_0032.jpg 1 7 28 32 32
0414_0023_0039_0052_0052.jpg 1 23 39 52 52
0415_0026_0013_0062_0062.jpg 1 26 13 62 62
0416_0025_0015_0053_0053.jpg 1 25 15 53 53
0417_0015_0013_0063_0063.jpg 1 15 13 63 63
0418_0010_0010_0034_0034.jpg 1 10 10 34 34
0419_0051_0016_0024_0024.jpg 1 51 16 24 24
0420_0046_0041_0046_0046.jpg 1 46 41 46 46
0421_0010_0038_0032_0032.jpg 1 10 38 32 32
0422_0022_0019_0028_0028.jpg 1 22 19 28 28
0423_0041_0038_0050_0050.jpg 1 41 38 50 50
0424_0052_0010_0028_0028.jpg 1 52 10 28 28
0425_0034_0053_0030_0030.jpg 1 34 53 30 30
0426_0014_0004_0063_0063.jpg 1 14 4 63 63
0427_0007_0026_0040_0040.jpg 1 7 26 40 40
0428_0028_0013_0050_0050.jpg 1 28 13 50 50
0429_0005_0034_0057_0057.jpg 1 5 34 57 57
0430_0057_0043_0031_0031.jpg 1 57 43 31 31
0431_0040_0011_0047_0047.jpg 1 40 11 47 47
0432_0004_0029_0063_0063.jpg 1 4 29 63 63
0433_0022_0030_0038_0038.jpg 1 22 30 38 38
0434_0033_0024_0055_0055.jpg 1 33 24 55 55
0435_0033_0041_0035_0035.jpg 1 33 41 35 35
0436_0007_0020_0041_0041.jpg 1 7 20 41 41
0437_0013_0035_0057_0057.jpg 1 13 35 57 57
0438_0006_0008_0060_0060.jpg 1 6 8 60 60
0439_0044_0054_0037_0037.jpg 1 44 54 37 37
0440_0024_0012_0041_0041.jpg 1 24 12 41 41
0441_0010_0009_0069_0069.jpg 1 10 9 69 69
0442_0015_0058_0025_0025.jpg 1 15 58 25 25
0443_0017_0021_0066_0066.jpg 1 17 21 66 66
0444_0017_0014_0055_0055.jpg 1 17 14 55 55
0445_0006_0018_0060_0060.jpg 1 6 18 60 60
0446_0056_0040_0031_0031.jpg 1 56 40 31 31
0447_0013_0019_0066_0066.jpg 1 13 19 66 66
0448_0041_0037_0024_0024.jpg 1 41 37 24 24
0449_0008_0018_0068_0068.jpg 1 8 18 68 68
0450_0024_0032_0029_0029.jpg 1 24 32 29 29
0451_0032_0023_0042_0042.jpg 1 32 23 42 42
0452_0036_0025_0024_0024.jpg 1 36 25 24 24
0453_0045_0026_0044_0044.jpg 1 45 26 44 44
0454_0030_0022_0058_0058.jpg 1 30 22 58 58
0455_0006_0016_0044_0044.jpg 1 6 16 44 44
0456_0047_0027_0041_0041.jpg 1 47 27 41 41
0457_0019_0045_0032_0032.jpg 1 19 45 32 32
0458_0028_0029_0058_0058.jpg 1 28 29 58 58
0459_0036_0005_0045_0045.jpg 1 36 5 45 45
0460_0033_0049_0033_0033.jpg 1 33 49 33 33
0461_0020_0013_0031_0031.jpg 1 20 13 31 31
0462_0015_0016_0064_0064.jpg 1 15 16 64 64
0463_0032_0046_0034_0034.jpg 1 32 46 34 34
0464_0006_0033_0051_0051.jpg 1 6 33 51 51
0465_0008_0052_0041_0041.jpg 1 8 52 41 41
0466_0031_0033_0047_0047.jpg 1 31 33 47 47
0467_0005_0030_0059_0059.jpg 1 5 30 59 59
0468_0033_0005_0056_0056.jpg 1 33 5 56 56
0469_0024_0025_0055_0055.jpg 1 24 25 55 55
0470_0024_0005_0044_0044.jpg 1 24 5 44 44
0471_0021_0007_0055_0055.jpg 1 21 7 55 55
0472_0009_0038_0048_0048.jpg 1 9 38 48 48
0473_0058_0042_0026_0026.jpg 1 58 42 26 26
0474_0012_0043_0051_0051.jpg 1 12 43 51 51
0475_0013_0011_0033_0033.jpg 1 13 11 33 33
0476_0022_0018_0063_0063.jpg 1 22 18 63 63
0477_0038_0034_0051_0051.jpg 1 38 34 51 51
0478_0028_0010_0044_0044.jpg 1 28 10 44 44
0479_0017_0050_0031_0031.jpg 1 17 50 31 31
0480_0050_0054_0030_0030.jpg 1 50 54 30 30
0481_0031_0012_0051_0051.jpg 1 31 12 51 51
0482_0012_0008_0038_0038.jpg 1 12 8 38 38
0483_0032_0017_0058_0058.jpg 1 32 17 58 58
0484_0023_0030_0060_0060.jpg 1 23 30 60 60
0485_0031_0036_0029_0029.jpg 1 31 36 29 29
0486_0042_0028_0051_0051.jpg 1 42 28 51 51
0487_0009_0049_0029_0029.jpg 1 9 49 29 29
0488_0023_0062_0028_0028.jpg 1 23 62 28 28
0489_0031_0039_0055_0055.jpg 1 31 39 55 55
0490_0020_0017_0043_0043.jpg 1 20 17 43 43
0491_0005_0036_0055_0055.jpg 1 5 36 55 55
0492_0028_0042_0034_0034.jpg 1 28 42 34 34
0493_0013_0020_0050_0050.jpg 1 13 20 50 50
0494_0026_0026_0060_0060.jpg 1 26 26 60 60
0495_0054_0057_0033_0033.jpg 1 54 57 33 33
0496_0008_0020_0061_0061.jpg 1 8 20 61 61
0497_0023_0041_0040_0040.jpg 1 23 41 40 40
0498_0007_0018_0069_0069.jpg 1 7 18 69 69
0499_0022_0038_0030_0030.jpg 1 22 38 30 30
0500_0018_0012_0067_0067.jpg 1 18 12 67 67
0501_0023_0028_0054_0054.jpg 1 23 28 54 54
0502_0049_0026_0043_0043.jpg 1 49 26 43 43
0503_0013_0038_0057_0057.jpg 1 13 38 57 57
0504_0012_0048_0028_0028.jpg 1 12 48 28 28
0505_0007_0010_0062_0062.jpg 1 7 10 62 62
0506_0007_0034_0045_0045.jpg 1 7 34 45 45
0507_0021_0020_0062_0062.jpg 1 21 20 62 62
0508_0013_0054_0031_0031.jpg 1 13 54 31 31
0509_0006_0020_0061_0061.jpg 1 6 20 61 61
0510_0028_0007_0036_0036.jpg 1 28 7 36 36
0511_0012_0041_0031_0031.jpg 1 12 41 31 31
0512_0049_0054_0032_0032.jpg 1 49 54 32 32
0513_0022_0007_0069_0069.jpg 1 22 7 69 69
0514_0019_0008_0062_0062.jpg 1 19 8 62 62
0515_0021_0039_0054_0054.jpg 1 21 39 54 54
0516_0017_0019_0056_0056.jpg 1 17 19 56 56
0517_0020_0050_0028_0028.jpg 1 20 50 28 28
0518_0024_0023_0058_0058.jpg 1 24 23 58 58
0519_0021_0032_0051_0051.jpg 1 21 32 51 51
0520_0026_0029_0052_0052.jpg 1 26 29 52 52
0521_0029_0014_0033_0033.jpg 1 29 14 33 33
0522_0013_0027_0057_0057.jpg 1 13 27 57 57
0523_0036_0047_0030_0030.jpg 1 36 47 30 30
0524_0007_0049_0040_0040.jpg 1 7 49 40 40
0525_0007_0033_0036_0036.jpg 1 7 33 36 36
0526_0035_0041_0033_0033.jpg 1 35 41 33 33
0527_0007_0019_0062_0062.jpg 1 7 19 62 62
0528_0047_0047_0034_0034.jpg 1 47 47 34 34
0529_0020_0013_0034_0034.jpg 1 20 13 34 34
0530_0030_0005_0063_0063.jpg 1 30 5 63 63
0531_0012_0019_0038_0038.jpg 1 12 19 38 38
0532_0007_0012_0062_0062.jpg 1 7 12 62 62
0533_0025_0024_0068_0068.jpg 1 25 24 68 68
0534_0016_0013_0066_0066.jpg 1 16 13 66 66
0535_0027_0019_0061_0061.jpg 1 27 19 61 61
0536_0010_0024_0068_0068.jpg 1 10 24 68 68
0537_0021_0015_0046_0046.jpg 1 21 15 46 46
0538_0011_0021_0065_0065.jpg 1 11 21 65 65
0539_0031_0027_0056_0056.jpg 1 31 27 56 56
0540_0005_0017_0062_0062.jpg 1 5 17 62 62
0541_0027_0026_0068_0068.jpg 1 27 26 68 68
0542_0013_0034_0060_0060.jpg 1 13 34 60 60
0543_0043_0019_0028_0028.jpg 1 43 19 28 28
0544_0028_0021_0067_0067.jpg 1 28 21 67 67
0545_0016_0035_0047_0047.jpg 1 16 35 47 47
0546_0023_0017_0048_0048.jpg 1 23 17 48 48
0547_0014_0040_0047_0047.jpg 1 14 40 47 47
0548_0033_0011_0047_0047.jpg 1 33 11 47 47
0549_0037_0017_0035_0035.jpg 1 37 17 35 35
0550_0013_0018_0068_0068.jpg 1 13 18 68 68
0551_0056_0033_0033_0033.jpg 1 56 33 33 33
0552_0008_0028_0025_0025.jpg 1 8 28 25 25
0553_0063_0031_0024_0024.jpg 1 63 31 24 24
0554_0052_0016_0030_0030.jpg 1 52 16 30 30
0555_0046_0043_0030_0030.jpg 1 46 43 30 30
0556_0040_0039_0040_0040.jpg 1 40 39 40 40
0557_0044_0036_0040_0040.jpg 1 44 36 40 40
0558_0033_0047_0041_0041.jpg 1 33 47 41 41
0559_0045_0046_0029_0029.jpg 1 45 46 29 29
0560_0019_0022_0052_0052.jpg 1 19 22 52 52
0561_0021_0019_0061_0061.jpg 1 21 19 61 61
0562_0051_0057_0024_0024.jpg 1 51 57 24 24
0563_0038_0012_0047_0047.jpg 1 38 12 47 47
0564_0008_0053_0037_0037.jpg 1 8 53 37 37
0565_0036_0041_0039_0039.jpg 1 36 41 39 39
0566_0045_0014_0044_0044.jpg 1 45 14 44 44
0567_0026_0004_0068_0068.jpg 1 26 4 68 68
0568_0020_0052_0038_0038.jpg 1 20 52 38 38
0569_0021_0029_0050_0050.jpg 1 21 29 50 50
0570_0026_0019_0061_0061.jpg 1 26 19 61 61
0571_0028_0024_0034_0034.jpg 1 28 24 34 34
0572_0008_0014_0046_0046.jpg 1 8 14 46 46
0573_0009_0020_0025_0025.jpg 1 9 20 25 25
0574_0012_0016_0049_0049.jpg 1 12 16 49 49
0575_0016_0026_0052_0052.jpg 1 16 26 52 52
0576_0015_0047_0040_0040.jpg 1 15 47 40 40
0577_0056_0023_0024_0024.jpg 1 56 23 24 24
0578_0059_0036_0027_0027.jpg 1 59 36 27 27
0579_0030_0036_0044_0044.jpg 1 30 36 44 44
0580_0038_0007_0051_0051.jpg 1 38 7 51 51
0581_0020_0031_0049_0049.jpg 1 20 31 49 49
0582_0010_0038_0053_0053.jpg 1 10 38 53 53
0583_0026_0026_0066_0066.jpg 1 26 26 66 66
0584_0022_0018_0061_0061.jpg 1 22 18 61 61
0585_0034_0032_0033_0033.jpg 1 34 32 33 33
0586_0006_0015_0067_0067.jpg 1 6 15 67 67
0587_0026_0030_0031_0031.jpg 1 26 30 31 31
0588_0020_0019_0067_0067.jpg 1 20 19 67 67
0589_0007_0020_0059_0059.jpg 1 7 20 59 59
0590_0046_0032_0035_0035.jpg 1 46 32 35 35
0591_0041_0024_0045_0045.jpg 1 41 24 45 45
0592_0050_0048_0040_0040.jpg 1 50 48 40 40
0593_0026_0032_0062_0062.jpg 1 26 32 62 62
0594_0038_0013_0051_0051.jpg 1 38 13 51 51
0595_0066_0065_0024_0024.jpg 1 66 65 24 24
0596_0054_0013_0036_0036.jpg 1 54 13 36 36
0597_0034_0057_0025_0025.jpg 1 34 57 25 25
0598_0028_0021_0064_0064.jpg 1 28 21 64 64
0599_0007_0006_0059_0059.jpg 1 7 6 59 59
0600_0033_0029_0053_0053.jpg 1 33 29 53 53
0601_0005_0004_0061_0061.jpg 1 5 4 61 61
0602_0041_0030_0043_0043.jpg 1 41 30 43 43
0603_0045_0054_0034_0034.jpg 1 45 54 34 34
0604_0006_0045_0049_0049.jpg 1 6 45 49 49
0605_0049_0056_0028_0028.jpg 1 49 56 28 28
0606_0029_0010_0059_0059.jpg 1 29 10 59 59
0607_0009_0007_0060_0060.jpg 1 9 7 60 60
0608_0017_0036_0055_0055.jpg 1 17 36 55 55
0609_0045_0064_0025_0025.jpg 1 45 64 25 25
0610_0038_0015_0047_0047.jpg 1 38 15 47 47
0611_0009_0005_0049_0049.jpg 1 9 5 49 49
0612_0015_0003_0068_0068.jpg 1 15 3 68 68
0613_0010_0046_0033_0033.jpg 1 10 46 33 33
0614_0017_0015_0036_0036.jpg 1 17 15 36 36
0615_0051_0050_0034_0034.jpg 1 51 50 34 34
0616_0006_0032_0046_0046.jpg 1 6 32 46 46
0617_0040_0038_0051_0051.jpg 1 40 38 51 51
0618_0015_0047_0038_0038.jpg 1 15 47 38 38
0619_0017_0017_0032_0032.jpg 1 17 17 32 32
0620_0024_0033_0062_0062.jpg 1 24 33 62 62
0621_0035_0032_0029_0029.jpg 1 35 32 29 29
0622_0020_0026_0048_0048.jpg 1 20 26 48 48
0623_0004_0008_0058_0058.jpg 1 4 8 58 58
0624_0031_0023_0037_0037.jpg 1 31 23 37 37
0625_0028_0038_0051_0051.jpg 1 28 38 51 51
0626_0005_0029_0065_0065.jpg 1 5 29 65 65
0627_0047_0011_0042_0042.jpg 1 47 11 42 42
0628_0012_0040_0043_0043.jpg 1 12 40 43 43
0629_0020_0047_0030_0030.jpg 1 20 47 30 30
0630_0032_0024_0051_0051.jpg 1 32 24 51 51
0631_0053_0048_0038_0038.jpg 1 53 48 38 38
0632_0065_0062_0027_0027.jpg 1 65 62 27 27
0633_0046_0019_0044_0044.jpg 1 46 19 44 44
0634_0040_0008_0046_0046.jpg 1 40 8 46 46
0635_0017_0013_0034_0034.jpg 1 17 13 34 34
0636_0004_0022_0064_0064.jpg 1 4 22 64 64
0637_0031_0022_0060_0060.jpg 1 31 22 60 60
0638_0034_0054_0031_0031.jpg 1 34 54 31 31
0639_0013_0010_0056_0056.jpg 1 13 10 56 56
0640_0023_0020_0061_0061.jpg 1 23 20 61 61
0641_0028_0018_0043_0043.jpg 1 28 18 43 43
0642_0019_0005_0068_0068.jpg 1 19 5 68 68
0643_0026_0008_0066_0066.jpg 1 26 8 66 66
0644_0061_0019_0028_0028.jpg 1 61 19 28 28
0645_0007_0016_0043_0043.jpg 1 7 16 43 43
0646_0057_0063_0028_0028.jpg 1 57 63 28 28
0647_0026_0025_0067_0067.jpg 1 26 25 67 67
0648_0008_0015_0035_0035.jpg 1 8 15 35 35
0649_0023_0051_0027_0027.jpg 1 23 51 27 27
0650_0020_0011_0069_0069.jpg 1 20 11 69 69
0651_0037_0033_0035_0035.jpg 1 37 33 35 35
0652_0026_0036_0053_0053.jpg 1 26 36 53 53
0653_0015_0008_0067_0067.jpg 1 15 8 67 67
0654_0022_0012_0067_0067.jpg 1 22 12 67 67
0655_0024_0028_0043_0043.jpg 1 24 28 43 43
0656_0019_0018_0063_0063.jpg 1 19 18 63 63
0657_0065_0017_0027_0027.jpg 1 65 17 27 27
0658_0015_0031_0061_0061.jpg 1 15 31 61 61
0659_0046_0018_0045_0045.jpg 1 46 18 45 45
0660_0033_0030_0054_0054.jpg 1 33 30 54 54
0661_0006_0034_0057_0057.jpg 1 6 34 57 57
0662_0034_0059_0030_0030.jpg 1 34 59 30 30
0663_0029_0032_0025_0025.jpg 1 29 32 25 25
0664_0017_0015_0051_0051.jpg 1 17 15 51 51
0665_0034_0016_0040_0040.jpg 1 34 16 40 40
0666_0029_0045_0037_0037.jpg 1 29 45 37 37
0667_0025_0017_0049_0049.jpg 1 25 17 49 49
0668_0017_0014_0034_0034.jpg 1 17 14 34 34
0669_0019_0021_0062_0062.jpg 1 19 21 62 62
0670_0035_0034_0040_0040.jpg 1 35 34 40 40
0671_0034_0024_0036_0036.jpg 1 34 24 36 36
0672_0020_0017_0034_0034.jpg 1 20 17 34 34
0673_0013_0005_0052_0052.jpg 1 13 5 52 52
0674_0026_0046_0046_0046.jpg 1 26 46 46 46
0675_0010_0026_0046_0046.jpg 1 10 26 46 46
0676_0030_0005_0057_0057.jpg 1 30 5 57 57
0677_0024_0023_0037_0037.jpg 1 24 23 37 37
0678_0006_0009_0066_0066.jpg 1 6 9 66 66
0679_0053_0015_0035_0035.jpg 1 53 15 35 35
0680_0029_0029_0052_0052.jpg 1 29 29 52 52
0681_0008_0014_0066_0066.jpg 1 8 14 66 66
0682_0021_0033_0052_0052.jpg 1 21 33 52 52
0683_0039_0046_0035_0035.jpg 1 39 46 35 35
0684_0020_0038_0052_0052.jpg 1 20 38 52 52
0685_0017_0025_0051_0051.jpg 1 17 25 51 51
0686_0007_0062_0026_0026.jpg 1 7 62 26 26
0687_0030_0009_0027_0027.jpg 1 30 9 27 27
0688_0044_0009_0032_0032.jpg 1 44 9 32 32
0689_0010_0007_0036_0036.jpg 1 10 7 36 36
0690_0024_0009_0049_0049.jpg 1 24 9 49 49
0691_0024_0014_0048_0048.jpg 1 24 14 48 48
0692_0044_0043_0032_0032.jpg 1 44 43 32 32
0693_0026_0037_0026_0026.jpg 1 26 37 26 26
0694_0017_0008_0050_0050.jpg 1 17 8 50 50
0695_0029_0032_0054_0054.jpg 1 29 32 54 54
0696_0031_0022_0057_0057.jpg 1 31 22 57 57
0697_0032_0016_0048_0048.jpg 1 32 16 48 48
0698_0054_0011_0032_0032.jpg 1 54 11 32 32
0699_0040_0008_0054_0054.jpg 1 40 8 54 54
0700_0055_0045_0037_0037.jpg 1 55 45 37 37
0701_0004_0007_0068_0068.jpg 1 4 7 68 68
0702_0010_0048_0026_0026.jpg 1 10 48 26 26
0703_0011_0007_0056_0056.jpg 1 11 7 56 56
0704_0017_0024_0060_0060.jpg 1 17 24 60 60
0705_0032_0022_0043_0043.jpg 1 32 22 43 43
0706_0018_0045_0032_0032.jpg 1 18 45 32 32
0707_0010_0020_0058_0058.jpg 1 10 20 58 58
0708_0034_0039_0048_0048.jpg 1 34 39 48 48
0709_0016_0016_0025_0025.jpg 1 16 16 25 25
0710_0029_0019_0028_0028.jpg 1 29 19 28 28
0711_0006_0022_0058_0058.jpg 1 6 22 58 58
0712_0041_0011_0052_0052.jpg 1 41 11 52 52
0713_0005_0032_0049_0049.jpg 1 5 32 49 49
0714_0007_0041_0045_0045.jpg 1 7 41 45 45
0715_0014_0021_0031_0031.jpg 1 14 21 31 31
0716_0005_0014_0069_0069.jpg 1 5 14 69 69
0717_0023_0021_0041_0041.jpg 1 23 21 41 41
0718_0024_0041_0030_0030.jpg 1 24 41 30 30
0719_0053_0039_0035_0035.jpg 1 53 39 35 35
0720_0056_0028_0026_0026.jpg 1 56 28 26 26
0721_0021_0029_0059_0059.jpg 1 21 29 59 59
0722_0032_0038_0048_0048.jpg 1 32 38 48 48
0723_0023_0020_0045_0045.jpg 1 23 20 45 45
0724_0008_0023_0048_0048.jpg 1 8 23 48 48
0725_0004_0003_0063_0063.jpg 1 4 3 63 63
0726_0026_0028_0029_0029.jpg 1 26 28 29 29
0727_0030_0010_0053_0053.jpg 1 30 10 53 53
0728_0008_0007_0033_0033.jpg 1 8 7 33 33
0729_0029_0006_0043_0043.jpg 1 29 6 43 43
0730_0029_0012_0042_0042.jpg 1 29 12 42 42
0731_0034_0014_0048_0048.jpg 1 34 14 48 48
0732_0018_0039_0051_0051.jpg 1 18 39 51 51
0733_0047_0028_0040_0040.jpg 1 47 28 40 40
0734_0020_0040_0052_0052.jpg 1 20 40 52 52
0735_0024_0039_0025_0025.jpg 1 24 39 25 25
0736_0003_0018_0069_0069.jpg 1 3 18 69 69
0737_0030_0011_0051_0051.jpg 1 30 11 51 51
0738_0009_0038_0056_0056.jpg 1 9 38 56 56
0739_0009_0009_0067_0067.jpg 1 9 9 67 67
0740_0027_0008_0067_0067.jpg 1 27 8 67 67
0741_0026_0041_0025_0025.jpg 1 26 41 25 25
0742_0045_0044_0039_0039.jpg 1 45 44 39 39
0743_0052_0017_0040_0040.jpg 1 52 17 40 40
0744_0041_0006_0052_0052.jpg 1 41 6 52 52
0745_0041_0021_0042_0042.jpg 1 41 21 42 42
0746_0018_0029_0066_0066.jpg 1 18 29 66 66
0747_0041_0059_0027_0027.jpg 1 41 59 27 27
0748_0041_0028_0049_0049.jpg 1 41 28 49 49
0749_0012_0013_0068_0068.jpg 1 12 13 68 68
0750_0029_0038_0036_0036.jpg 1 29 38 36 36
0751_0013_0019_0051_0051.jpg 1 13 19 51 51
0752_0035_0063_0028_0028.jpg 1 35 63 28 28
0753_0008_0016_0059_0059.jpg 1 8 16 59 59
0754_0036_0035_0043_0043.jpg 1 36 35 43 43
0755_0016_0023_0063_0063.jpg 1 16 23 63 63
0756_0029_0055_0026_0026.jpg 1 29 55 26 26
0757_0014_0027_0069_0069.jpg 1 14 27 69 69
0758_0007_0025_0068_0068.jpg 1 7 25 68 68
0759_0022_0030_0053_0053.jpg 1 22 30 53 53
0760_0012_0040_0049_0049.jpg 1 12 40 49 49
0761_0009_0021_0057_0057.jpg 1 9 21 57 57
0762_0015_0007_0057_0057.jpg 1 15 7 57 57
0763_0040_0036_0040_0040.jpg 1 40 36 40 40
0764_0014_0030_0066_0066.jpg 1 14 30 66 66
0765_0015_0034_0035_0035.jpg 1 15 34 35 35
0766_0025_0029_0050_0050.jpg 1 25 29 50 50
0767_0020_0016_0068_0068.jpg 1 20 16 68 68
0768_0015_0005_0054_0054.jpg 1 15 5 54 54
0769_0045_0038_0049_0049.jpg 1 45 38 49 49
0770_0046_0046_0040_0040.jpg 1 46 46 40 40
0771_0038_0009_0051_0051.jpg 1 38 9 51 51
0772_0044_0011_0040_0040.jpg 1 44 11 40 40
0773_0023_0030_0037_0037.jpg 1 23 30 37 37
0774_0021_0020_0063_0063.jpg 1 21 20 63 63
0775_0040_0010_0032_0032.jpg 1 40 10 32 32
0776_0006_0013_0052_0052.jpg 1 6 13 52 52
0777_0019_0012_0061_0061.jpg 1 19 12 61 61
0778_0043_0062_0025_0025.jpg 1 43 62 25 25
0779_0043_0033_0030_0030.jpg 1 43 33 30 30
0780_0050_0055_0025_0025.jpg 1 50 55 25 25
0781_0018_0022_0068_0068.jpg 1 18 22 68 68
0782_0044_0050_0031_0031.jpg 1 44 50 31 31
0783_0007_0029_0059_0059.jpg 1 7 29 59 59
0784_0055_0056_0035_0035.jpg 1 55 56 35 35
0785_0010_0060_0032_0032.jpg 1 10 60 32 32
0786_0047_0027_0042_0042.jpg 1 47 27 42 42
0787_0041_0039_0050_0050.jpg 1 41 39 50 50
0788_0018_0005_0067_0067.jpg 1 18 5 67 67
0789_0005_0029_0056_0056.jpg 1 5 29 56 56
0790_0039_0032_0042_0042.jpg 1 39 32 42 42
0791_0028_0022_0043_0043.jpg 1 28 22 43 43
0792_0020_0047_0034_0034.jpg 1 20 47 34 34
0793_0063_0058_0029_0029.jpg 1 63 58 29 29
0794_0017_0029_0048_0048.jpg 1 17 29 48 48
0795_0032_0009_0040_0040.jpg 1 32 9 40 40
0796_0014_0018_0065_0065.jpg 1 14 18 65 65
0797_0010_0040_0047_0047.jpg 1 10 40 47 47
0798_0009_0038_0051_0051.jpg 1 9 38 51 51
0799_0029_0018_0055_0055.jpg 1 29 18 55 55
0800_0010_0029_0040_0040.jpg 1 10 29 40 40
0801_0058_0045_0032_0032.jpg 1 58 45 32 32
0802_0029_0035_0056_0056.jpg 1 29 35 56 56
0803_0048_0025_0037_0037.jpg 1 48 25 37 37
0804_0019_0015_0045_0045.jpg 1 19 15 45 45
0805_0027_0031_0064_0064.jpg 1 27 31 64 64
0806_0036_0034_0054_0054.jpg 1 36 34 54 54
0807_0020_0017_0045_0045.jpg 1 20 17 45 45
0808_0012_0013_0056_0056.jpg 1 12 13 56 56
0809_0033_0050_0039_0039.jpg 1 33 50 39 39
0810_0044_0023_0037_0037.jpg 1 44 23 37 37
0811_0010_0005_0058_0058.jpg 1 10 5 58 58
0812_0018_0034_0061_0061.jpg 1 18 34 61 61
0813_0029_0005_0058_0058.jpg 1 29 5 58 58
0814_0053_0043_0029_0029.jpg 1 53 43 29 29
0815_0021_0005_0069_0069.jpg 1 21 5 69 69
0816_0038_0041_0024_0024.jpg 1 38 41 24 24
0817_0009_0034_0052_0052.jpg 1 9 34 52 52
0818_0018_0025_0033_0033.jpg 1 18 25 33 33
0819_0016_0024_0058_0058.jpg 1 16 24 58 58
0820_0006_0029_0055_0055.jpg 1 6 29 55 55
0821_0012_0043_0050_0050.jpg 1 12 43 50 50
0822_0019_0031_0036_0036.jpg 1 19 31 36 36
0823_0019_0029_0056_0056.jpg 1 19 29 56 56
0824_0010_0022_0069_0069.jpg 1 10 22 69 69
0825_0062_0047_0028_0028.jpg 1 62 47 28 28
0826_0010_0040_0025_0025.jpg 1 10 40 25 25
0827_0040_0043_0049_0049.jpg 1 40 43 49 49
0828_0061_0015_0024_0024.jpg 1 61 15 24 24
0829_0012_0026_0042_0042.jpg 1 12 26 42 42
0830_0017_0028_0042_0042.jpg 1 17 28 42 42
0831_0049_0060_0026_0026.jpg 1 49 60 26 26
0832_0015_0015_0063_0063.jpg 1 15 15 63 63
0833_0033_0012_0041_0041.jpg 1 33 12 41 41
0834_0023_0033_0044_0044.jpg 1 23 33 44 44
0835_0016_0059_0032_0032.jpg 1 16 59 32 32
0836_0024_0008_0064_0064.jpg 1 24 8 64 64
0837_0044_0055_0037_0037.jpg 1 44 55 37 37
0838_0013_0007_0065_0065.jpg 1 13 7 65 65
0839_0010_0012_0046_0046.jpg 1 10 12 46 46
0840_0013_0033_0049_0049.jpg 1 13 33 49 49
0841_0011_0017_0052_0052.jpg 1 11 17 52 52
0842_0056_0025_0024_0024.jpg 1 56 25 24 24
0843_0054_0020_0029_0029.jpg 1 54 20 29 29
0844_0047_0015_0039_0039.jpg 1 47 15 39 39
0845_0018_0026_0047_0047.jpg 1 18 26 47 47
0846_0026_0019_0064_0064.jpg 1 26 19 64 64
0847_0042_0014_0027_0027.jpg 1 42 14 27 27
0848_0053_0032_0029_0029.jpg 1 53 32 29 29
0849_0026_0007_0068_0068.jpg 1 26 7 68 68
0850_0042_0048_0033_0033.jpg 1 42 48 33 33
0851_0044_0036_0024_0024.jpg 1 44 36 24 24
0852_0022_0015_0052_0052.jpg 1 22 15 52 52
0853_0005_0022_0062_0062.jpg 1 5 22 62 62
0854_0046_0047_0044_0044.jpg 1 46 47 44 44
0855_0025_0019_0069_0069.jpg 1 25 19 69 69
0856_0018_0013_0064_0064.jpg 1 18 13 64 64
0857_0038_0037_0041_0041.jpg 1 38 37 41 41
0858_0014_0004_0069_0069.jpg 1 14 4 69 69
0859_0024_0030_0056_0056.jpg 1 24 30 56 56
0860_0057_0024_0026_0026.jpg 1 57 24 26 26
0861_0030_0014_0054_0054.jpg 1 30 14 54 54
0862_0050_0052_0041_0041.jpg 1 50 52 41 41
0863_0051_0059_0029_0029.jpg 1 51 59 29 29
0864_0010_0022_0028_0028.jpg 1 10 22 28 28
0865_0028_0020_0033_0033.jpg 1 28 20 33 33
0866_0018_0018_0069_0069.jpg 1 18 18 69 69
0867_0028_0018_0063_0063.jpg 1 28 18 63 63
0868_0039_0053_0024_0024.jpg 1 39 53 24 24
0869_0031_0020_0049_0049.jpg 1 31 20 49 49
0870_0030_0053_0038_0038.jpg 1 30 53 38 38
0871_0004_0008_0068_0068.jpg 1 4 8 68 68
0872_0013_0018_0062_0062.jpg 1 13 18 62 62
0873_0007_0011_0069_0069.jpg 1 7 11 69 69
0874_0039_0015_0054_0054.jpg 1 39 15 54 54
0875_0006_0013_0056_0056.jpg 1 6 13 56 56
0876_0033_0032_0058_0058.jpg 1 33 32 58 58
0877_0028_0008_0041_0041.jpg 1 28 8 41 41
0878_0007_0015_0053_0053.jpg 1 7 15 53 53
0879_0005_0024_0067_0067.jpg 1 5 24 67 67
0880_0034_0013_0038_0038.jpg 1 34 13 38 38
0881_0022_0035_0055_0055.jpg 1 22 35 55 55
0882_0029_0029_0067_0067.jpg 1 29 29 67 67
0883_0011_0025_0059_0059.jpg 1 11 25 59 59
0884_0035_0042_0039_0039.jpg 1 35 42 39 39
0885_0029_0016_0028_0028.jpg 1 29 16 28 28
0886_0032_0009_0062_0062.jpg 1 32 9 62 62
0887_0022_0027_0069_0069.jpg 1 22 27 69 69
0888_0045_0009_0044_0044.jpg 1 45 9 44 44
0889_0042_0044_0031_0031.jpg 1 42 44 31 31
0890_0013_0023_0031_0031.jpg 1 13 23 31 31
0891_0037_0050_0032_0032.jpg 1 37 50 32 32
0892_0019_0023_0056_0056.jpg 1 19 23 56 56
0893_0042_0032_0024_0024.jpg 1 42 32 24 24
0894_0010_0009_0058_0058.jpg 1 10 9 58 58
0895_0009_0016_0067_0067.jpg 1 9 16 67 67
0896_0008_0026_0024_0024.jpg 1 8 26 24 24
0897_0015_0009_0063_0063.jpg 1 15 9 63 63
0898_0052_0026_0024_0024.jpg 1 52 26 24 24
0899_0011_0007_0063_0063.jpg 1 11 7 63 63
0900_0022_0032_0037_0037.jpg 1 22 32 37 37
0901_0041_0040_0045_0045.jpg 1 41 40 45 45
0902_0041_0030_0034_0034.jpg 1 41 30 34 34
0903_0004_0017_0067_0067.jpg 1 4 17 67 67
0904_0029_0020_0062_0062.jpg 1 29 20 62 62
0905_0012_0018_0034_0034.jpg 1 12 18 34 34
0906_0037_0049_0025_0025.jpg 1 37 49 25 25
0907_0010_0015_0039_0039.jpg 1 10 15 39 39
0908_0037_0027_0051_0051.jpg 1 37 27 51 51
0909_0035_0029_0047_0047.jpg 1 35 29 47 47
0910_0051_0026_0032_0032.jpg 1 51 26 32 32
0911_0052_0010_0025_0025.jpg 1 52 10 25 25
0912_0052_0030_0037_0037.jpg 1 52 30 37 37
0913_0060_0052_0024_0024.jpg 1 60 52 24 24
0914_0033_0033_0051_0051.jpg 1 33 33 51 51
0915_0007_0032_0045_0045.jpg 1 7 32 45 45
0916_0025_0014_0058_0058.jpg 1 25 14 58 58
0917_0032_0018_0046_0046.jpg 1 32 18 46 46
0918_0050_0010_0036_0036.jpg 1 50 10 36 36
0919_0006_0016_0055_0055.jpg 1 6 16 55 55
0920_0029_0009_0065_0065.jpg 1 29 9 65 65
0921_0008_0020_0061_0061.jpg 1 8 20 61 61
0922_0021_0013_0066_0066.jpg 1 21 13 66 66
0923_0012_0005_0066_0066.jpg 1 12 5 66 66
0924_0026_0025_0051_0051.jpg 1 26 25 51 51
0925_0014_0014_0047_0047.jpg 1 14 14 47 47
0926_0013_0014_0049_0049.jpg 1 13 14 49 49
0927_0029_0032_0061_0061.jpg 1 29 32 61 61
0928_0017_0055_0033_0033.jpg 1 17 55 33 33
0929_0042_0022_0039_0039.jpg 1 42 22 39 39
0930_0040_0033_0054_0054.jpg 1 40 33 54 54
0931_0048_0068_0024_0024.jpg 1 48 68 24 24
0932_0053_0011_0031_0031.jpg 1 53 11 31 31
0933_0010_0037_0044_0044.jpg 1 10 37 44 44
0934_0022_0009_0036_0036.jpg 1 22 9 36 36
0935_0029_0005_0047_0047.jpg 1 29 5 47 47
0936_0022_0006_0040_0040.jpg 1 22 6 40 40
0937_0024_0031_0061_0061.jpg 1 24 31 61 61
0938_0007_0041_0033_0033.jpg 1 7 41 33 33
0939_0016_0061_0027_0027.jpg 1 16 61 27 27
0940_0035_0040_0033_0033.jpg 1 35 40 33 33
0941_0044_0051_0032_0032.jpg 1 44 51 32 32
0942_0027_0019_0041_0041.jpg 1 27 19 41 41
0943_0049_0051_0024_0024.jpg 1 49 51 24 24
0944_0017_0008_0034_0034.jpg 1 17 8 34 34
0945_0011_0027_0068_0068.jpg 1 11 27 68 68
0946_0052_0049_0032_0032.jpg 1 52 49 32 32
0947_0023_0024_0042_0042.jpg 1 23 24 42 42
0948_0030_0044_0033_0033.jpg 1 30 44 33 33
0949_0013_0013_0032_0032.jpg 1 13 13 32 32
0950_0016_0016_0067_0067.jpg 1 16 16 67 67
0951_0030_0015_0058_0058.jpg 1 30 15 58 58
0952_0029_0012_0058_0058.jpg 1 29 12 58 58
0953_0022_0010_0060_0060.jpg 1 22 10 60 60
0954_0060_0021_0030_0030.jpg 1 60 21 30 30
0955_0016_0032_0024_0024.jpg 1 16 32 24 24
0956_0007_0030_0057_0057.jpg 1 7 30 57 57
0957_0014_0011_0034_0034.jpg 1 14 11 34 34
0958_0034_0044_0048_0048.jpg 1 34 44 48 48
0959_0042_0020_0049_0049.jpg 1 42 20 49 49
0960_0024_0027_0041_0041.jpg 1 24 27 41 41
0961_0016_0013_0057_0057.jpg 1 16 13 57 57
0962_0048_0036_0030_0030.jpg 1 48 36 30 30
0963_0015_0062_0024_0024.jpg 1 15 62 24 24
0964_0031_0028_0045_0045.jpg 1 31 28 45 45
0965_0022_0027_0050_0050.jpg 1 22 27 50 50
0966_0058_0045_0027_0027.jpg 1 58 45 27 27
0967_0031_0009_0035_0035.jpg 1 31 9 35 35
0968_0041_0023_0046_0046.jpg 1 41 23 46 46
0969_0010_0011_0056_0056.jpg 1 10 11 56 56
0970_0012_0023_0026_0026.jpg 1 12 23 26 26
0971_0006_0011_0055_0055.jpg 1 6 11 55 55
0972_0042_0036_0046_0046.jpg 1 42 36 46 46
0973_0007_0006_0065_0065.jpg 1 7 6 65 65
0974_0016_0053_0027_0027.jpg 1 16 53 27 27
0975_0014_0035_0031_0031.jpg 1 14 35 31 31
0976_0017_0058_0031_0031.jpg 1 17 58 31 31
0977_0004_0003_0069_0069.jpg 1 4 3 69 69
0978_0032_0045_0024_0024.jpg 1 32 45 24 24
0979_0048_0027_0029_0029.jpg 1 48 27 29 29
0980_0006_0031_0034_0034.jpg 1 6 31 34 34
0981_0033_0018_0024_0024.jpg 1 33 18 24 24
0982_0026_0047_0038_0038.jpg 1 26 47 38 38
0983_0028_0034_0060_0060.jpg 1 28 34 60 60
0984_0011_0029_0040_0040.jpg 1 11 29 40 40
0985_0019_0005_0059_0059.jpg 1 19 5 59 59
0986_0030_0039_0039_0039.jpg 1 30 39 39 39
0987_0027_0036_0024_0024.jpg 1 27 36 24 24
0988_0031_0034_0037_0037.jpg 1 31 34 37 37
0989_0052_0028_0025_0025.jpg 1 52 28 25 25
0990_0034_0040_0053_0053.jpg 1 34 40 53 53
0991_0021_0019_0066_0066.jpg 1 21 19 66 66
0992_0039_0035_0040_0040.jpg 1 39 35 40 40
0993_0020_0045_0042_0042.jpg 1 20 45 42 42
0994_0004_0004_0067_0067.jpg 1 4 4 67 67
0995_0016_0010_0046_0046.jpg 1 16 10 46 46
0996_0026_0029_0065_0065.jpg 1 26 29 65 65
0997_0019_0020_0031_0031.jpg 1 19 20 31 31
0998_0036_0054_0037_0037.jpg 1 36 54 37 37
0999_0030_0018_0057_0057.jpg 1 30 18 57 57
1000_0043_0029_0042_0042.jpg 1 43 29 42 42
1001_0040_0016_0030_0030.jpg 1 40 16 30 30
1002_0032_0030_0064_0064.jpg 1 32 30 64 64
1003_0027_0015_0034_0034.jpg 1 27 15 34 34
1004_0017_0022_0068_0068.jpg 1 17 22 68 68
1005_0019_0050_0030_0030.jpg 1 19 50 30 30
1006_0056_0046_0024_0024.jpg 1 56 46 24 24
1007_0041_0038_0027_0027.jpg 1 41 38 27 27
1008_0019_0005_0047_0047.jpg 1 19 5 47 47
1009_0016_0055_0027_0027.jpg 1 16 55 27 27
1010_0023_0024_0061_0061.jpg 1 23 24 61 61
1011_0018_0007_0066_0066.jpg 1 18 7 66 66
1012_0013_0006_0051_0051.jpg 1 13 6 51 51
1013_0013_0043_0027_0027.jpg 1 13 43 27 27
1014_0009_0038_0047_0047.jpg 1 9 38 47 47
1015_0017_0061_0029_0029.jpg 1 17 61 29 29
1016_0027_0008_0058_0058.jpg 1 27 8 58 58
1017_0032_0007_0062_0062.jpg 1 32 7 62 62
1018_0031_0040_0051_0051.jpg 1 31 40 51 51
1019_0013_0040_0047_0047.jpg 1 13 40 47 47
1020_0005_0007_0051_0051.jpg 1 5 7 51 51
1021_0015_0024_0068_0068.jpg 1 15 24 68 68
1022_0022_0031_0055_0055.jpg 1 22 31 55 55
1023_0006_0044_0031_0031.jpg 1 6 44 31 31
1024_0036_0040_0034_0034.jpg 1 36 40 34 34
1025_0016_0044_0044_0044.jpg 1 16 44 44 44
1026_0021_0031_0061_0061.jpg 1 21 31 61 61
1027_0054_0042_0025_0025.jpg 1 54 42 25 25
1028_0021_0024_0064_0064.jpg 1 21 24 64 64
1029_0005_0022_0050_0050.jpg 1 5 22 50 50
1030_0006_0013_0050_0050.jpg 1 6 13 50 50
1031_0047_0028_0047_0047.jpg 1 47 28 47 47
1032_0006_0020_0068_0068.jpg 1 6 20 68 68
1033_0018_0039_0053_0053.jpg 1 18 39 53 53
1034_0030_0060_0033_0033.jpg 1 30 60 33 33
1035_0020_0026_0069_0069.jpg 1 20 26 69 69
1036_0038_0035_0051_0051.jpg 1 38 35 51 51
1037_0036_0028_0043_0043.jpg 1 36 28 43 43
1038_0018_0006_0043_0043.jpg 1 18 6 43 43
1039_0026_0011_0068_0068.jpg 1 26 11 68 68
1040_0044_0010_0047_0047.jpg 1 44 10 47 47
1041_0017_0056_0035_0035.jpg 1 17 56 35 35
1042_0047_0014_0027_0027.jpg 1 47 14 27 27
1043_0014_0016_0048_0048.jpg 1 14 16 48 48
1044_0029_0021_0062_0062.jpg 1 29 21 62 62
1045_0022_0035_0060_0060.jpg 1 22 35 60 60
1046_0020_0015_0051_0051.jpg 1 20 15 51 51
1047_0029_0037_0035_0035.jpg 1 29 37 35 35
1048_0020_0022_0058_0058.jpg 1 20 22 58 58
1049_0037_0026_0040_0040.jpg 1 37 26 40 40
1050_0024_0014_0027_0027.jpg 1 24 14 27 27
1051_0014_0053_0032_0032.jpg 1 14 53 32 32
1052_0016_0016_0052_0052.jpg 1 16 16 52 52
1053_0012_0023_0067_0067.jpg 1 12 23 67 67
1054_0054_0017_0037_0037.jpg 1 54 17 37 37
1055_0024_0006_0061_0061.jpg 1 24 6 61 61
1056_0013_0046_0032_0032.jpg 1 13 46 32 32
1057_0055_0017_0030_0030.jpg 1 55 17 30 30
1058_0027_0042_0028_0028.jpg 1 27 42 28 28
1059_0011_0033_0060_0060.jpg 1 11 33 60 60
1060_0031_0006_0063_0063.jpg 1 31 6 63 63
1061_0027_0028_0053_0053.jpg 1 27 28 53 53
1062_0030_0028_0048_0048.jpg 1 30 28 48 48
1063_0028_0017_0064_0064.jpg 1 28 17 64 64
1064_0032_0028_0062_0062.jpg 1 32 28 62 62
1065_0034_0035_0050_0050.jpg 1 34 35 50 50
1066_0017_0013_0069_0069.jpg 1 17 13 69 69
1067_0050_0023_0024_0024.jpg 1 50 23 24 24
1068_0029_0033_0061_0061.jpg 1 29 33 61 61
1069_0035_0036_0047_0047.jpg 1 35 36 47 47
1070_0010_0055_0034_0034.jpg 1 10 55 34 34
1071_0017_0037_0057_0057.jpg 1 17 37 57 57
1072_0046_0042_0025_0025.jpg 1 46 42 25 25
1073_0055_0026_0035_0035.jpg 1 55 26 35 35
1074_0030_0021_0042_0042.jpg 1 30 21 42 42
1075_0012_0018_0052_0052.jpg 1 12 18 52 52
1076_0048_0023_0042_0042.jpg 1 48 23 42 42
1077_0016_0014_0068_0068.jpg 1 16 14 68 68
1078_0027_0018_0048_0048.jpg 1 27 18 48 48
1079_0012_0029_0054_0054.jpg 1 12 29 54 54
1080_0031_0015_0036_0036.jpg 1 31 15 36 36
1081_0032_0034_0050_0050.jpg 1 32 34 50 50
1082_0022_0010_0064_0064.jpg 1 22 10 64 64
1083_0012_0021_0045_0045.jpg 1 12 21 45 45
1084_0046_0019_0046_0046.jpg 1 46 19 46 46
1085_0029_0024_0059_0059.jpg 1 29 24 59 59
1086_0047_0055_0036_0036.jpg 1 47 55 36 36
1087_0016_0024_0068_0068.jpg 1 16 24 68 68
1088_0045_0017_0036_0036.jpg 1 45 17 36 36
1089_0048_0045_0033_0033.jpg 1 48 45 33 33
1090_0014_0004_0064_0064.jpg 1 14 4 64 64
1091_0024_0022_0047_0047.jpg 1 24 22 47 47
1092_0003_0022_0064_0064.jpg 1 3 22 64 64
1093_0018_0025_0068_0068.jpg 1 18 25 68 68
1094_0023_0049_0033_0033.jpg 1 23 49 33 33
1095_0017_0015_0051_0051.jpg 1 17 15 51 51
1096_0012_0042_0051_0051.jpg 1 12 42 51 51
1097_0028_0013_0026_0026.jpg 1 28 13 26 26
1098_0048_0044_0034_0034.jpg 1 48 44 34 34
1099_0010_0039_0047_0047.jpg 1 10 39 47 47
1100_0012_0035_0056_0056.jpg 1 12 35 56 56
1101_0046_0012_0033_0033.jpg 1 46 12 33 33
1102_0027_0028_0047_0047.jpg 1 27 28 47 47
1103_0017_0023_0068_0068.jpg 1 17 23 68 68
1104_0029_0019_0033_0033.jpg 1 29 19 33 33
1105_0009_0056_0027_0027.jpg 1 9 56 27 27
1106_0034_0043_0031_0031.jpg 1 34 43 31 31
1107_0030_0055_0034_0034.jpg 1 30 55 34 34
1108_0038_0026_0045_0045.jpg 1 38 26 45 45
1109_0005_0026_0067_0067.jpg 1 5 26 67 67
1110_0011_0019_0025_0025.jpg 1 11 19 25 25
1111_0031_0034_0046_0046.jpg 1 31 34 46 46
1112_0044_0049_0027_0027.jpg 1 44 49 27 27
1113_0013_0058_0029_0029.jpg 1 13 58 29 29
1114_0049_0025_0038_0038.jpg 1 49 25 38 38
1115_0015_0026_0054_0054.jpg 1 15 26 54 54
1116_0012_0017_0027_0027.jpg 1 12 17 27 27
1117_0008_0008_0059_0059.jpg 1 8 8 59 59
1118_0033_0062_0027_0027.jpg 1 33 62 27 27
1119_0034_0013_0029_0029.jpg 1 34 13 29 29
1120_0020_0032_0024_0024.jpg 1 20 32 24 24
1121_0018_0029_0046_0046.jpg 1 18 29 46 46
1122_0028_0048_0032_0032.jpg 1 28 48 32 32
1123_0022_0062_0027_0027.jpg 1 22 62 27 27
1124_0019_0013_0068_0068.jpg 1 19 13 68 68
1125_0024_0005_0062_0062.jpg 1 24 5 62 62
1126_0042_0037_0034_0034.jpg 1 42 37 34 34
1127_0032_0053_0040_0040.jpg 1 32 53 40 40
1128_0043_0022_0042_0042.jpg 1 43 22 42 42
1129_0049_0041_0042_0042.jpg 1 49 41 42 42
1130_0017_0013_0064_0064.jpg 1 17 13 64 64
1131_0022_0049_0042_0042.jpg 1 22 49 42 42
1132_0026_0032_0028_0028.jpg 1 26 32 28 28
1133_0049_0040_0040_0040.jpg 1 49 40 40 40
1134_0023_0061_0025_0025.jpg 1 23 61 25 25
1135_0018_0005_0068_0068.jpg 1 18 5 68 68
1136_0030_0032_0056_0056.jpg 1 30 32 56 56
1137_0059_0063_0024_0024.jpg 1 59 63 24 24
1138_0027_0018_0068_0068.jpg 1 27 18 68 68
1139_0033_0012_0060_0060.jpg 1 33 12 60 60
1140_0012_0042_0031_0031.jpg 1 12 42 31 31
1141_0019_0023_0035_0035.jpg 1 19 23 35 35
1142_0062_0038_0026_0026.jpg 1 62 38 26 26
1143_0015_0020_0059_0059.jpg 1 15 20 59 59
1144_0037_0007_0038_0038.jpg 1 37 7 38 38
1145_0021_0053_0028_0028.jpg 1 21 53 28 28
1146_0017_0011_0066_0066.jpg 1 17 11 66 66
1147_0028_0016_0055_0055.jpg 1 28 16 55 55
1148_0045_0033_0030_0030.jpg 1 45 33 30 30
1149_0008_0004_0061_0061.jpg 1 8 4 61 61
1150_0050_0032_0041_0041.jpg 1 50 32 41 41
1151_0064_0007_0024_0024.jpg 1 64 7 24 24
1152_0034_0029_0050_0050.jpg 1 34 29 50 50
1153_0059_0055_0030_0030.jpg 1 59 55 30 30
1154_0027_0006_0066_0066.jpg 1 27 6 66 66
1155_0012_0038_0050_0050.jpg 1 12 38 50 50
1156_0025_0006_0064_0064.jpg 1 25 6 64 64
1157_0028_0055_0026_0026.jpg 1 28 55 26 26
1158_0015_0037_0050_0050.jpg 1 15 37 50 50
1159_0005_0004_0068_0068.jpg 1 5 4 68 68
1160_0019_0027_0066_0066.jpg 1 19 27 66 66
1161_0038_0041_0040_0040.jpg 1 38 41 40 40
1162_0047_0016_0039_0039.jpg 1 47 16 39 39
1163_0011_0018_0064_0064.jpg 1 11 18 64 64
1164_0033_0008_0046_0046.jpg 1 33 8 46 46
1165_0052_0010_0036_0036.jpg 1 52 10 36 36
1166_0033_0006_0045_0045.jpg 1 33 6 45 45
1167_0020_0037_0057_0057.jpg 1 20 37 57 57
1168_0020_0022_0056_0056.jpg 1 20 22 56 56
1169_0055_0019_0036_0036.jpg 1 55 19 36 36
1170_0022_0036_0056_0056.jpg 1 22 36 56 56
1171_0011_0040_0050_0050.jpg 1 11 40 50 50
1172_0052_0014_0034_0034.jpg 1 52 14 34 34
1173_0035_0033_0051_0051.jpg 1 35 33 51 51
1174_0043_0026_0046_0046.jpg 1 43 26 46 46
1175_0023_0061_0028_0028.jpg 1 23 61 28 28
1176_0054_0039_0033_0033.jpg 1 54 39 33 33
1177_0048_0025_0033_0033.jpg 1 48 25 33 33
1178_0029_0016_0065_0065.jpg 1 29 16 65 65
1179_0045_0024_0039_0039.jpg 1 45 24 39 39
1180_0025_0037_0036_0036.jpg 1 25 37 36 36
1181_0005_0006_0066_0066.jpg 1 5 6 66 66
1182_0011_0029_0062_0062.jpg 1 11 29 62 62
1183_0025_0015_0066_0066.jpg 1 25 15 66 66
1184_0017_0041_0027_0027.jpg 1 17 41 27 27
1185_0027_0054_0028_0028.jpg 1 27 54 28 28
1186_0037_0061_0029_0029.jpg 1 37 61 29 29
1187_0023_0020_0044_0044.jpg 1 23 20 44 44
1188_0029_0019_0065_0065.jpg 1 29 19 65 65
1189_0008_0050_0043_0043.jpg 1 8 50 43 43
1190_0011_0014_0065_0065.jpg 1 11 14 65 65
1191_0014_0033_0058_0058.jpg 1 14 33 58 58
1192_0043_0021_0043_0043.jpg 1 43 21 43 43
1193_0034_0004_0056_0056.jpg 1 34 4 56 56
1194_0022_0050_0027_0027.jpg 1 22 50 27 27
1195_0008_0014_0068_0068.jpg 1 8 14 68 68
1196_0046_0046_0046_0046.jpg 1 46 46 46 46
1197_0013_0024_0068_0068.jpg 1 13 24 68 68
1198_0027_0023_0061_0061.jpg 1 27 23 61 61
1199_0024_0046_0048_0048.jpg 1 24 46 48 48
1200_0056_0056_0034_0034.jpg 1 56 56 34 34
1201_0010_0018_0059_0059.jpg 1 10 18 59 59
1202_0023_0005_0051_0051.jpg 1 23 5 51 51
1203_0040_0019_0039_0039.jpg 1 40 19 39 39
1204_0015_0016_0056_0056.jpg 1 15 16 56 56
1205_0014_0027_0038_0038.jpg 1 14 27 38 38
1206_0030_0006_0034_0034.jpg 1 30 6 34 34
1207_0054_0021_0034_0034.jpg 1 54 21 34 34
1208_0044_0020_0044_0044.jpg 1 44 20 44 44
1209_0034_0006_0041_0041.jpg 1 34 6 41 41
1210_0009_0028_0033_0033.jpg 1 9 28 33 33
1211_0026_0046_0045_0045.jpg 1 26 46 45 45
1212_0032_0006_0057_0057.jpg 1 32 6 57 57
1213_0016_0014_0062_0062.jpg 1 16 14 62 62
1214_0032_0036_0051_0051.jpg 1 32 36 51 51
1215_0025_0024_0066_0066.jpg 1 25 24 66 66
1216_0033_0006_0045_0045.jpg 1 33 6 45 45
1217_0012_0039_0031_0031.jpg 1 12 39 31 31
1218_0043_0040_0033_0033.jpg 1 43 40 33 33
1219_0028_0022_0058_0058.jpg 1 28 22 58 58
1220_0016_0024_0063_0063.jpg 1 16 24 63 63
1221_0046_0053_0029_0029.jpg 1 46 53 29 29
1222_0007_0034_0024_0024.jpg 1 7 34 24 24
1223_0022_0029_0048_0048.jpg 1 22 29 48 48
1224_0022_0031_0060_0060.jpg 1 22 31 60 60
1225_0023_0039_0028_0028.jpg 1 23 39 28 28
1226_0043_0051_0038_0038.jpg 1 43 51 38 38
1227_0038_0012_0043_0043.jpg 1 38 12 43 43
1228_0049_0030_0036_0036.jpg 1 49 30 36 36
1229_0024_0011_0057_0057.jpg 1 24 11 57 57
1230_0013_0029_0024_0024.jpg 1 13 29 24 24
1231_0036_0019_0035_0035.jpg 1 36 19 35 35
1232_0036_0034_0059_0059.jpg 1 36 34 59 59
1233_0029_0011_0060_0060.jpg 1 29 11 60 60
1234_0048_0017_0026_0026.jpg 1 48 17 26 26
1235_0013_0005_0064_0064.jpg 1 13 5 64 64
1236_0049_0014_0034_0034.jpg 1 49 14 34 34
1237_0017_0058_0030_0030.jpg 1 17 58 30 30
1238_0052_0019_0036_0036.jpg 1 52 19 36 36
1239_0019_0021_0063_0063.jpg 1 19 21 63 63
1240_0023_0052_0030_0030.jpg 1 23 52 30 30
1241_0038_0022_0042_0042.jpg 1 38 22 42 42
1242_0046_0054_0038_0038.jpg 1 46 54 38 38
1243_0012_0012_0060_0060.jpg 1 12 12 60 60
1244_0009_0049_0026_0026.jpg 1 9 49 26 26
1245_0038_0041_0052_0052.jpg 1 38 41 52 52
1246_0023_0016_0060_0060.jpg 1 23 16 60 60
1247_0010_0010_0066_0066.jpg 1 10 10 66 66
1248_0050_0031_0043_0043.jpg 1 50 31 43 43
1249_0021_0034_0033_0033.jpg 1 21 34 33 33
1250_0011_0010_0033_0033.jpg 1 11 10 33 33
1251_0020_0047_0031_0031.jpg 1 20 47 31 31
1252_0006_0017_0049_0049.jpg 1 6 17 49 49
1253_0026_0036_0052_0052.jpg 1 26 36 52 52
1254_0028_0035_0060_0060.jpg 1 28 35 60 60
1255_0016_0050_0042_0042.jpg 1 16 50 42 42
1256_0019_0011_0031_0031.jpg 1 19 11 31 31
1257_0019_0005_0066_0066.jpg 1 19 5 66 66
1258_0052_0052_0032_0032.jpg 1 52 52 32 32
1259_0023_0027_0053_0053.jpg 1 23 27 53 53
1260_0046_0030_0030_0030.jpg 1 46 30 30 30
1261_0053_0031_0029_0029.jpg 1 53 31 29 29
1262_0049_0030_0041_0041.jpg 1 49 30 41 41
1263_0008_0007_0068_0068.jpg 1 8 7 68 68
1264_0005_0008_0058_0058.jpg 1 5 8 58 58
1265_0014_0013_0047_0047.jpg 1 14 13 47 47
1266_0034_0026_0057_0057.jpg 1 34 26 57 57
1267_0033_0026_0032_0032.jpg 1 33 26 32 32
1268_0013_0008_0060_0060.jpg 1 13 8 60 60
1269_0016_0020_0064_0064.jpg 1 16 20 64 64
1270_0019_0025_0035_0035.jpg 1 19 25 35 35
1271_0025_0054_0030_0030.jpg 1 25 54 30 30
1272_0011_0029_0065_0065.jpg 1 11 29 65 65
1273_0045_0055_0030_0030.jpg 1 45 55 30 30
1274_0043_0016_0050_0050.jpg 1 43 16 50 50
1275_0019_0016_0055_0055.jpg 1 19 16 55 55
1276_0010_0009_0062_0062.jpg 1 10 9 62 62
1277_0010_0014_0034_0034.jpg 1 10 14 34 34
1278_0017_0014_0046_0046.jpg 1 17 14 46 46
1279_0035_0043_0039_0039.jpg 1 35 43 39 39
1280_0039_0030_0024_0024.jpg 1 39 30 24 24
1281_0057_0023_0031_0031.jpg 1 57 23 31 31
1282_0005_0040_0055_0055.jpg 1 5 40 55 55
1283_0016_0016_0057_0057.jpg 1 16 16 57 57
1284_0026_0031_0053_0053.jpg 1 26 31 53 53
1285_0034_0026_0035_0035.jpg 1 34 26 35 35
1286_0039_0032_0040_0040.jpg 1 39 32 40 40
1287_0037_0023_0056_0056.jpg 1 37 23 56 56
1288_0005_0027_0065_0065.jpg 1 5 27 65 65
1289_0024_0013_0050_0050.jpg 1 24 13 50 50
1290_0014_0027_0049_0049.jpg 1 14 27 49 49
1291_0006_0026_0053_0053.jpg 1 6 26 53 53
1292_0045_0055_0032_0032.jpg 1 45 55 32 32
1293_0030_0033_0060_0060.jpg 1 30 33 60 60
1294_0005_0011_0067_0067.jpg 1 5 11 67 67
1295_0028_0019_0058_0058.jpg 1 28 19 58 58
1296_0016_0013_0051_0051.jpg 1 16 13 51 51
1297_0062_0033_0024_0024.jpg 1 62 33 24 24
1298_0020_0009_0063_0063.jpg 1 20 9 63 63
1299_0004_0023_0060_0060.jpg 1 4 23 60 60
1300_0031_0016_0032_0032.jpg 1 31 16 32 32
1301_0015_0045_0049_0049.jpg 1 15 45 49 49
1302_0047_0010_0038_0038.jpg 1 47 10 38 38
1303_0024_0013_0069_0069.jpg 1 24 13 69 69
1304_0035_0034_0044_0044.jpg 1 35 34 44 44
1305_0030_0006_0050_0050.jpg 1 30 6 50 50
1306_0047_0037_0047_0047.jpg 1 47 37 47 47
1307_0008_0041_0052_0052.jpg 1 8 41 52 52
1308_0037_0042_0033_0033.jpg 1 37 42 33 33
1309_0035_0015_0037_0037.jpg 1 35 15 37 37
1310_0027_0029_0063_0063.jpg 1 27 29 63 63
1311_0026_0026_0047_0047.jpg 1 26 26 47 47
1312_0042_0009_0048_0048.jpg 1 42 9 48 48
1313_0031_0026_0032_0032.jpg 1 31 26 32 32
1314_0056_0015_0037_0037.jpg 1 56 15 37 37
1315_0046_0007_0040_0040.jpg 1 46 7 40 40
1316_0039_0047_0035_0035.jpg 1 39 47 35 35
1317_0030_0029_0055_0055.jpg 1 30 29 55 55
1318_0046_0029_0044_0044.jpg 1 46 29 44 44
1319_0008_0021_0068_0068.jpg 1 8 21 68 68
1320_0019_0008_0058_0058.jpg 1 19 8 58 58
1321_0031_0023_0046_0046.jpg 1 31 23 46 46
1322_0025_0014_0065_0065.jpg 1 25 14 65 65
1323_0039_0006_0043_0043.jpg 1 39 6 43 43
1324_0033_0005_0056_0056.jpg 1 33 5 56 56
1325_0040_0036_0054_0054.jpg 1 40 36 54 54
1326_0008_0018_0047_0047.jpg 1 8 18 47 47
1327_0034_0051_0026_0026.jpg 1 34 51 26 26
1328_0021_0012_0032_0032.jpg 1 21 12 32 32
1329_0052_0021_0036_0036.jpg 1 52 21 36 36
1330_0049_0045_0037_0037.jpg 1 49 45 37 37
1331_0060_0056_0027_0027.jpg 1 60 56 27 27
1332_0024_0040_0042_0042.jpg 1 24 40 42 42
1333_0023_0011_0063_0063.jpg 1 23 11 63 63
1334_0023_0017_0067_0067.jpg 1 23 17 67 67
1335_0021_0045_0041_0041.jpg 1 21 45 41 41
1336_0008_0010_0061_0061.jpg 1 8 10 61 61
1337_0017_0006_0058_0058.jpg 1 17 6 58 58
1338_0027_0020_0052_0052.jpg 1 27 20 52 52
1339_0013_0004_0061_0061.jpg 1 13 4 61 61
1340_0028_0007_0051_0051.jpg 1 28 7 51 51
1341_0033_0038_0049_0049.jpg 1 33 38 49 49
1342_0035_0019_0041_0041.jpg 1 35 19 41 41
1343_0032_0026_0045_0045.jpg 1 32 26 45 45
1344_0019_0040_0048_0048.jpg 1 19 40 48 48
1345_0020_0026_0069_0069.jpg 1 20 26 69 69
1346_0017_0010_0063_0063.jpg 1 17 10 63 63
1347_0048_0051_0036_0036.jpg 1 48 51 36 36
1348_0008_0034_0044_0044.jpg 1 8 34 44 44
1349_0057_0008_0032_0032.jpg 1 57 8 32 32
1350_0036_0043_0041_0041.jpg 1 36 43 41 41
1351_0015_0022_0068_0068.jpg 1 15 22 68 68
1352_0041_0056_0028_0028.jpg 1 41 56 28 28
1353_0052_0008_0040_0040.jpg 1 52 8 40 40
1354_0026_0022_0058_0058.jpg 1 26 22 58 58
1355_0026_0025_0046_0046.jpg 1 26 25 46 46
1356_0030_0031_0058_0058.jpg 1 30 31 58 58
1357_0013_0007_0055_0055.jpg 1 13 7 55 55
1358_0018_0017_0049_0049.jpg 1 18 17 49 49
1359_0017_0040_0054_0054.jpg 1 17 40 54 54
1360_0016_0022_0045_0045.jpg 1 16 22 45 45
1361_0015_0048_0042_0042.jpg 1 15 48 42 42
1362_0038_0019_0039_0039.jpg 1 38 19 39 39
1363_0016_0022_0068_0068.jpg 1 16 22 68 68
1364_0027_0025_0069_0069.jpg 1 27 25 69 69
1365_0009_0021_0055_0055.jpg 1 9 21 55 55
1366_0015_0009_0037_0037.jpg 1 15 9 37 37
1367_0043_0043_0036_0036.jpg 1 43 43 36 36
1368_0013_0024_0065_0065.jpg 1 13 24 65 65
1369_0026_0031_0036_0036.jpg 1 26 31 36 36
1370_0025_0039_0041_0041.jpg 1 25 39 41 41
1371_0021_0030_0056_0056.jpg 1 21 30 56 56
1372_0049_0059_0032_0032.jpg 1 49 59 32 32
1373_0028_0060_0031_0031.jpg 1 28 60 31 31
1374_0032_0030_0051_0051.jpg 1 32 30 51 51
1375_0016_0015_0052_0052.jpg 1 16 15 52 52
1376_0022_0016_0052_0052.jpg 1 22 16 52 52
1377_0031_0011_0052_0052.jpg 1 31 11 52 52
1378_0048_0039_0039_0039.jpg 1 48 39 39 39
1379_0034_0031_0055_0055.jpg 1 34 31 55 55
1380_0009_0016_0043_0043.jpg 1 9 16 43 43
1381_0012_0019_0037_0037.jpg 1 12 19 37 37
1382_0019_0014_0051_0051.jpg 1 19 14 51 51
1383_0033_0020_0060_0060.jpg 1 33 20 60 60
1384_0024_0013_0036_0036.jpg 1 24 13 36 36
1385_0039_0015_0034_0034.jpg 1 39 15 34 34
1386_0027_0005_0065_0065.jpg 1 27 5 65 65
1387_0050_0015_0027_0027.jpg 1 50 15 27 27
1388_0040_0039_0034_0034.jpg 1 40 39 34 34
1389_0039_0018_0056_0056.jpg 1 39 18 56 56
1390_0023_0014_0025_0025.jpg 1 23 14 25 25
1391_0028_0017_0050_0050.jpg 1 28 17 50 50
1392_0022_0012_0035_0035.jpg 1 22 12 35 35
1393_0032_0018_0027_0027.jpg 1 32 18 27 27
1394_0050_0028_0038_0038.jpg 1 50 28 38 38
1395_0021_0013_0062_0062.jpg 1 21 13 62 62
1396_0030_0006_0058_0058.jpg 1 30 6 58 58
1397_0028_0019_0063_0063.jpg 1 28 19 63 63
1398_0022_0035_0058_0058.jpg 1 22 35 58 58
1399_0008_0060_0026_0026.jpg 1 8 60 26 26
1400_0018_0043_0046_0046.jpg 1 18 43 46 46
1401_0018_0037_0057_0057.jpg 1 18 37 57 57
1402_0015_0062_0024_0024.jpg 1 15 62 24 24
1403_0014_0008_0064_0064.jpg 1 14 8 64 64
1404_0009_0030_0038_0038.jpg 1 9 30 38 38
1405_0023_0011_0065_0065.jpg 1 23 11 65 65
1406_0036_0054_0035_0035.jpg 1 36 54 35 35
1407_0051_0017_0039_0039.jpg 1 51 17 39 39
1408_0040_0005_0054_0054.jpg 1 40 5 54 54
1409_0007_0010_0054_0054.jpg 1 7 10 54 54
1410_0033_0011_0061_0061.jpg 1 33 11 61 61
1411_0040_0026_0040_0040.jpg 1 40 26 40 40
1412_0064_0032_0025_0025.jpg 1 64 32 25 25
1413_0033_0028_0049_0049.jpg 1 33 28 49 49
1414_0032_0023_0034_0034.jpg 1 32 23 34 34
1415_0017_0028_0040_0040.jpg 1 17 28 40 40
1416_0017_0022_0068_0068.jpg 1 17 22 68 68
1417_0030_0043_0031_0031.jpg 1 30 43 31 31
1418_0028_0032_0049_0049.jpg 1 28 32 49 49
1419_0011_0036_0040_0040.jpg 1 11 36 40 40
1420_0028_0021_0065_0065.jpg 1 28 21 65 65
1421_0026_0021_0067_0067.jpg 1 26 21 67 67
1422_0020_0047_0047_0047.jpg 1 20 47 47 47
1423_0046_0047_0034_0034.jpg 1 46 47 34 34
1424_0038_0011_0036_0036.jpg 1 38 11 36 36
1425_0025_0031_0038_0038.jpg 1 25 31 38 38
1426_0051_0044_0034_0034.jpg 1 51 44 34 34
1427_0034_0018_0061_0061.jpg 1 34 18 61 61
1428_0023_0010_0038_0038.jpg 1 23 10 38 38
1429_0019_0011_0062_0062.jpg 1 19 11 62 62
1430_0035_0025_0057_0057.jpg 1 35 25 57 57
1431_0060_0067_0024_0024.jpg 1 60 67 24 24
1432_0013_0025_0028_0028.jpg 1 13 25 28 28
1433_0025_0011_0045_0045.jpg 1 25 11 45 45
1434_0041_0044_0035_0035.jpg 1 41 44 35 35
1435_0015_0028_0068_0068.jpg 1 15 28 68 68
1436_0008_0029_0050_0050.jpg 1 8 29 50 50
1437_0014_0009_0032_0032.jpg 1 14 9 32 32
1438_0035_0021_0049_0049.jpg 1 35 21 49 49
1439_0020_0029_0033_0033.jpg 1 20 29 33 33
1440_0013_0034_0033_0033.jpg 1 13 34 33 33
1441_0023_0010_0038_0038.jpg 1 23 10 38 38
1442_0019_0015_0063_0063.jpg 1 19 15 63 63
1443_0034_0017_0059_0059.jpg 1 34 17 59 59
1444_0029_0044_0044_0044.jpg 1 29 44 44 44
1445_0020_0020_0066_0066.jpg 1 20 20 66 66
1446_0038_0037_0047_0047.jpg 1 38 37 47 47
1447_0007_0044_0040_0040.jpg 1 7 44 40 40
1448_0035_0016_0054_0054.jpg 1 35 16 54 54
1449_0046_0024_0043_0043.jpg 1 46 24 43 43
1450_0053_0011_0031_0031.jpg 1 53 11 31 31
1451_0042_0016_0032_0032.jpg 1 42 16 32 32
1452_0040_0045_0032_0032.jpg 1 40 45 32 32
1453_0017_0057_0026_0026.jpg 1 17 57 26 26
1454_0010_0041_0048_0048.jpg 1 10 41 48 48
1455_0023_0011_0065_0065.jpg 1 23 11 65 65
1456_0058_0045_0026_0026.jpg 1 58 45 26 26
1457_0037_0030_0055_0055.jpg 1 37 30 55 55
1458_0019_0009_0053_0053.jpg 1 19 9 53 53
1459_0007_0037_0025_0025.jpg 1 7 37 25 25
1460_0034_0011_0060_0060.jpg 1 34 11 60 60
1461_0010_0031_0052_0052.jpg 1 10 31 52 52
1462_0012_0007_0039_0039.jpg 1 12 7 39 39
1463_0039_0047_0046_0046.jpg 1 39 47 46 46
1464_0019_0022_0031_0031.jpg 1 19 22 31 31
1465_0027_0005_0068_0068.jpg 1 27 5 68 68
1466_0056_0028_0036_0036.jpg 1 56 28 36 36
1467_0054_0030_0024_0024.jpg 1 54 30 24 24
1468_0012_0020_0064_0064.jpg 1 12 20 64 64
1469_0026_0039_0030_0030.jpg 1 26 39 30 30
1470_0032_0019_0052_0052.jpg 1 32 19 52 52
1471_0042_0024_0053_0053.jpg 1 42 24 53 53
1472_0022_0026_0043_0043.jpg 1 22 26 43 43
1473_0044_0027_0040_0040.jpg 1 44 27 40 40
1474_0023_0004_0068_0068.jpg 1 23 4 68 68
1475_0020_0029_0056_0056.jpg 1 20 29 56 56
1476_0046_0040_0045_0045.jpg 1 46 40 45 45
1477_0006_0020_0060_0060.jpg 1 6 20 60 60
1478_0011_0017_0028_0028.jpg 1 11 17 28 28
1479_0010_0049_0036_0036.jpg 1 10 49 36 36
1480_0033_0046_0035_0035.jpg 1 33 46 35 35
1481_0035_0040_0042_0042.jpg 1 35 40 42 42
1482_0009_0026_0059_0059.jpg 1 9 26 59 59
1483_0009_0012_0066_0066.jpg 1 9 12 66 66
1484_0041_0033_0050_0050.jpg 1 41 33 50 50
1485_0013_0044_0048_0048.jpg 1 13 44 48 48
1486_0036_0028_0058_0058.jpg 1 36 28 58 58
1487_0010_0014_0053_0053.jpg 1 10 14 53 53
1488_0031_0052_0041_0041.jpg 1 31 52 41 41
1489_0006_0015_0043_0043.jpg 1 6 15 43 43
1490_0029_0055_0025_0025.jpg 1 29 55 25 25
1491_0036_0037_0038_0038.jpg 1 36 37 38 38
1492_0040_0026_0034_0034.jpg 1 40 26 34 34
1493_0020_0029_0052_0052.jpg 1 20 29 52 52
1494_0017_0041_0037_0037.jpg 1 17 41 37 37
1495_0018_0039_0032_0032.jpg 1 18 39 32 32
1496_0025_0017_0041_0041.jpg 1 25 17 41 41
1497_0006_0015_0066_0066.jpg 1 6 15 66 66
1498_0014_0022_0047_0047.jpg 1 14 22 47 47
1499_0021_0052_0026_0026.jpg 1 21 52 26 26
1500_0009_0032_0052_0052.jpg 1 9 32 52 52
1501_0011_0048_0046_0046.jpg 1 11 48 46 46
1502_0026_0014_0065_0065.jpg 1 26 14 65 65
1503_0055_0048_0037_0037.jpg 1 55 48 37 37
1504_0007_0004_0069_0069.jpg 1 7 4 69 69
1505_0046_0014_0042_0042.jpg 1 46 14 42 42
1506_0033_0021_0049_0049.jpg 1 33 21 49 49
1507_0016_0009_0050_0050.jpg 1 16 9 50 50
1508_0029_0008_0057_0057.jpg 1 29 8 57 57
1509_0046_0025_0034_0034.jpg 1 46 25 34 34
1510_0040_0018_0043_0043.jpg 1 40 18 43 43
1511_0051_0062_0030_0030.jpg 1 51 62 30 30
1512_0011_0009_0069_0069.jpg 1 11 9 69 69
1513_0056_0031_0030_0030.jpg 1 56 31 30 30
1514_0012_0024_0062_0062.jpg 1 12 24 62 62
1515_0011_0030_0066_0066.jpg 1 11 30 66 66
1516_0014_0017_0053_0053.jpg 1 14 17 53 53
1517_0012_0023_0059_0059.jpg 1 12 23 59 59
1518_0051_0062_0028_0028.jpg 1 51 62 28 28
1519_0045_0042_0039_0039.jpg 1 45 42 39 39
1520_0011_0027_0044_0044.jpg 1 11 27 44 44
1521_0053_0013_0033_0033.jpg 1 53 13 33 33
1522_0014_0004_0062_0062.jpg 1 14 4 62 62
1523_0011_0025_0066_0066.jpg 1 11 25 66 66
1524_0010_0037_0029_0029.jpg 1 10 37 29 29
1525_0012_0016_0030_0030.jpg 1 12 16 30 30
1526_0031_0033_0043_0043.jpg 1 31 33 43 43
1527_0038_0016_0047_0047.jpg 1 38 16 47 47
1528_0010_0025_0035_0035.jpg 1 10 25 35 35
1529_0041_0050_0026_0026.jpg 1 41 50 26 26
1530_0030_0018_0065_0065.jpg 1 30 18 65 65
1531_0014_0008_0048_0048.jpg 1 14 8 48 48
1532_0043_0055_0025_0025.jpg 1 43 55 25 25
1533_0022_0022_0068_0068.jpg 1 22 22 68 68
1534_0059_0034_0030_0030.jpg 1 59 34 30 30
1535_0026_0022_0038_0038.jpg 1 26 22 38 38
1536_0016_0024_0066_0066.jpg 1 16 24 66 66
1537_0030_0024_0050_0050.jpg 1 30 24 50 50
1538_0023_0016_0056_0056.jpg 1 23 16 56 56
1539_0018_0028_0054_0054.jpg 1 18 28 54 54
1540_0006_0015_0053_0053.jpg 1 6 15 53 53
1541_0016_0063_0024_0024.jpg 1 16 63 24 24
1542_0014_0015_0068_0068.jpg 1 14 15 68 68
1543_0053_0010_0025_0025.jpg 1 53 10 25 25
1544_0056_0053_0033_0033.jpg 1 56 53 33 33
1545_0038_0042_0036_0036.jpg 1 38 42 36 36
1546_0027_0006_0066_0066.jpg 1 27 6 66 66
1547_0017_0014_0051_0051.jpg 1 17 14 51 51
1548_0041_0032_0046_0046.jpg 1 41 32 46 46
1549_0023_0028_0025_0025.jpg 1 23 28 25 25
1550_0039_0033_0030_0030.jpg 1 39 33 30 30
1551_0030_0032_0033_0033.jpg 1 30 32 33 33
1552_0015_0052_0032_0032.jpg 1 15 52 32 32
1553_0029_0036_0029_0029.jpg 1 29 36 29 29
1554_0009_0014_0054_0054.jpg 1 9 14 54 54
1555_0054_0030_0033_0033.jpg 1 54 30 33 33
1556_0035_0013_0042_0042.jpg 1 35 13 42 42
1557_0036_0011_0045_0045.jpg 1 36 11 45 45
1558_0049_0043_0025_0025.jpg 1 49 43 25 25
1559_0026_0012_0065_0065.jpg 1 26 12 65 65
1560_0010_0018_0058_0058.jpg 1 10 18 58 58
1561_0060_0035_0032_0032.jpg 1 60 35 32 32
1562_0035_0012_0041_0041.jpg 1 35 12 41 41
1563_0037_0009_0040_0040.jpg 1 37 9 40 40
1564_0029_0009_0028_0028.jpg 1 29 9 28 28
1565_0039_0024_0051_0051.jpg 1 39 24 51 51
1566_0045_0016_0049_0049.jpg 1 45 16 49 49
1567_0012_0041_0050_0050.jpg 1 12 41 50 50
1568_0031_0007_0063_0063.jpg 1 31 7 63 63
1569_0034_0006_0051_0051.jpg 1 34 6 51 51
1570_0004_0013_0064_0064.jpg 1 4 13 64 64
1571_0006_0011_0055_0055.jpg 1 6 11 55 55
1572_0027_0031_0064_0064.jpg 1 27 31 64 64
1573_0032_0025_0042_0042.jpg 1 32 25 42 42
1574_0065_0065_0024_0024.jpg 1 65 65 24 24
1575_0017_0014_0054_0054.jpg 1 17 14 54 54
1576_0016_0040_0035_0035.jpg 1 16 40 35 35
1577_0023_0032_0024_0024.jpg 1 23 32 24 24
1578_0025_0030_0052_0052.jpg 1 25 30 52 52
1579_0039_0060_0029_0029.jpg 1 39 60 29 29
1580_0022_0028_0040_0040.jpg 1 22 28 40 40
1581_0009_0017_0026_0026.jpg 1 9 17 26 26
1582_0015_0010_0069_0069.jpg 1 15 10 69 69
1583_0008_0039_0053_0053.jpg 1 8 39 53 53
1584_0010_0018_0064_0064.jpg 1 10 18 64 64
1585_0006_0020_0060_0060.jpg 1 6 20 60 60
1586_0041_0039_0037_0037.jpg 1 41 39 37 37
1587_0020_0025_0047_0047.jpg 1 20 25 47 47
1588_0005_0011_0058_0058.jpg 1 5 11 58 58
1589_0012_0017_0057_0057.jpg 1 12 17 57 57
1590_0013_0017_0043_0043.jpg 1 13 17 43 43
1591_0013_0013_0061_0061.jpg 1 13 13 61 61
1592_0017_0006_0064_0064.jpg 1 17 6 64 64
1593_0012_0008_0066_0066.jpg 1 12 8 66 66
1594_0007_0005_0048_0048.jpg 1 7 5 48 48
1595_0007_0047_0040_0040.jpg 1 7 47 40 40
1596_0054_0014_0033_0033.jpg 1 54 14 33 33
1597_0032_0016_0044_0044.jpg 1 32 16 44 44
1598_0038_0025_0047_0047.jpg 1 38 25 47 47
1599_0033_0032_0026_0026.jpg 1 33 32 26 26
1600_0014_0004_0068_0068.jpg 1 14 4 68 68
1601_0049_0025_0032_0032.jpg 1 49 25 32 32
1602_0036_0028_0042_0042.jpg 1 36 28 42 42
1603_0024_0015_0068_0068.jpg 1 24 15 68 68
1604_0027_0025_0042_0042.jpg 1 27 25 42 42
1605_0038_0017_0055_0055.jpg 1 38 17 55 55
1606_0031_0029_0065_0065.jpg 1 31 29 65 65
1607_0016_0015_0068_0068.jpg 1 16 15 68 68
1608_0035_0026_0051_0051.jpg 1 35 26 51 51
1609_0029_0011_0064_0064.jpg 1 29 11 64 64
1610_0038_0024_0039_0039.jpg 1 38 24 39 39
1611_0034_0031_0059_0059.jpg 1 34 31 59 59
1612_0048_0038_0035_0035.jpg 1 48 38 35 35
1613_0035_0008_0057_0057.jpg 1 35 8 57 57
1614_0009_0031_0029_0029.jpg 1 9 31 29 29
1615_0046_0008_0045_0045.jpg 1 46 8 45 45
1616_0025_0018_0053_0053.jpg 1 25 18 53 53
1617_0012_0026_0036_0036.jpg 1 12 26 36 36
1618_0027_0050_0028_0028.jpg 1 27 50 28 28
1619_0047_0048_0038_0038.jpg 1 47 48 38 38
1620_0010_0015_0028_0028.jpg 1 10 15 28 28
1621_0026_0017_0032_0032.jpg 1 26 17 32 32
1622_0018_0029_0049_0049.jpg 1 18 29 49 49
1623_0008_0043_0047_0047.jpg 1 8 43 47 47
1624_0053_0065_0024_0024.jpg 1 53 65 24 24
1625_0032_0017_0040_0040.jpg 1 32 17 40 40
1626_0021_0011_0051_0051.jpg 1 21 11 51 51
1627_0008_0008_0067_0067.jpg 1 8 8 67 67
1628_0046_0038_0041_0041.jpg 1 46 38 41 41
1629_0020_0030_0038_0038.jpg 1 20 30 38 38
1630_0005_0021_0051_0051.jpg 1 5 21 51 51
1631_0028_0017_0050_0050.jpg 1 28 17 50 50
1632_0006_0024_0069_0069.jpg 1 6 24 69 69
1633_0061_0024_0030_0030.jpg 1 61 24 30 30
1634_0056_0031_0025_0025.jpg 1 56 31 25 25
1635_0016_0059_0031_0031.jpg 1 16 59 31 31
1636_0030_0031_0060_0060.jpg 1 30 31 60 60
1637_0035_0043_0030_0030.jpg 1 35 43 30 30
1638_0009_0008_0059_0059.jpg 1 9 8 59 59
1639_0014_0015_0043_0043.jpg 1 14 15 43 43
1640_0013_0014_0063_0063.jpg 1 13 14 63 63
1641_0009_0046_0040_0040.jpg 1 9 46 40 40
1642_0036_0019_0053_0053.jpg 1 36 19 53 53
1643_0018_0011_0049_0049.jpg 1 18 11 49 49
1644_0048_0008_0045_0045.jpg 1 48 8 45 45
1645_0012_0040_0035_0035.jpg 1 12 40 35 35
1646_0031_0021_0043_0043.jpg 1 31 21 43 43
1647_0021_0026_0050_0050.jpg 1 21 26 50 50
1648_0030_0023_0043_0043.jpg 1 30 23 43 43
1649_0050_0044_0043_0043.jpg 1 50 44 43 43
1650_0018_0035_0030_0030.jpg 1 18 35 30 30
1651_0019_0037_0054_0054.jpg 1 19 37 54 54
1652_0025_0035_0039_0039.jpg 1 25 35 39 39
1653_0028_0026_0067_0067.jpg 1 28 26 67 67
1654_0033_0016_0058_0058.jpg 1 33 16 58 58
1655_0012_0041_0050_0050.jpg 1 12 41 50 50
1656_0034_0033_0054_0054.jpg 1 34 33 54 54
1657_0034_0030_0047_0047.jpg 1 34 30 47 47
1658_0018_0010_0069_0069.jpg 1 18 10 69 69
1659_0042_0040_0047_0047.jpg 1 42 40 47 47
1660_0054_0016_0027_0027.jpg 1 54 16 27 27
1661_0013_0012_0059_0059.jpg 1 13 12 59 59
1662_0024_0034_0061_0061.jpg 1 24 34 61 61
1663_0009_0009_0029_0029.jpg 1 9 9 29 29
1664_0026_0023_0066_0066.jpg 1 26 23 66 66
1665_0029_0015_0061_0061.jpg 1 29 15 61 61
1666_0014_0046_0042_0042.jpg 1 14 46 42 42
1667_0032_0018_0055_0055.jpg 1 32 18 55 55
1668_0008_0034_0036_0036.jpg 1 8 34 36 36
1669_0035_0009_0058_0058.jpg 1 35 9 58 58
1670_0024_0042_0037_0037.jpg 1 24 42 37 37
1671_0024_0009_0042_0042.jpg 1 24 9 42 42
1672_0013_0027_0069_0069.jpg 1 13 27 69 69
1673_0040_0022_0029_0029.jpg 1 40 22 29 29
1674_0022_0015_0025_0025.jpg 1 22 15 25 25
1675_0027_0016_0055_0055.jpg 1 27 16 55 55
1676_0060_0020_0032_0032.jpg 1 60 20 32 32
1677_0032_0033_0040_0040.jpg 1 32 33 40 40
1678_0007_0025_0044_0044.jpg 1 7 25 44 44
1679_0022_0057_0025_0025.jpg 1 22 57 25 25
1680_0036_0039_0053_0053.jpg 1 36 39 53 53
1681_0035_0063_0027_0027.jpg 1 35 63 27 27
1682_0014_0034_0034_0034.jpg 1 14 34 34 34
1683_0038_0017_0034_0034.jpg 1 38 17 34 34
1684_0025_0012_0051_0051.jpg 1 25 12 51 51
1685_0028_0014_0066_0066.jpg 1 28 14 66 66
1686_0028_0008_0052_0052.jpg 1 28 8 52 52
1687_0027_0042_0040_0040.jpg 1 27 42 40 40
1688_0042_0025_0032_0032.jpg 1 42 25 32 32
1689_0049_0036_0042_0042.jpg 1 49 36 42 42
1690_0034_0014_0049_0049.jpg 1 34 14 49 49
1691_0048_0040_0043_0043.jpg 1 48 40 43 43
1692_0020_0022_0049_0049.jpg 1 20 22 49 49
1693_0034_0019_0050_0050.jpg 1 34 19 50 50
1694_0004_0024_0066_0066.jpg 1 4 24 66 66
1695_0021_0017_0031_0031.jpg 1 21 17 31 31
1696_0029_0015_0053_0053.jpg 1 29 15 53 53
1697_0012_0010_0066_0066.jpg 1 12 10 66 66
1698_0019_0031_0045_0045.jpg 1 19 31 45 45
1699_0034_0017_0024_0024.jpg 1 34 17 24 24
1700_0054_0040_0037_0037.jpg 1 54 40 37 37
1701_0040_0062_0024_0024.jpg 1 40 62 24 24
1702_0041_0024_0038_0038.jpg 1 41 24 38 38
1703_0007_0033_0060_0060.jpg 1 7 33 60 60
1704_0014_0009_0052_0052.jpg 1 14 9 52 52
1705_0050_0044_0039_0039.jpg 1 50 44 39 39
1706_0028_0029_0051_0051.jpg 1 28 29 51 51
1707_0024_0036_0058_0058.jpg 1 24 36 58 58
1708_0009_0016_0058_0058.jpg 1 9 16 58 58
1709_0010_0022_0059_0059.jpg 1 10 22 59 59
1710_0025_0019_0068_0068.jpg 1 25 19 68 68
1711_0020_0018_0050_0050.jpg 1 20 18 50 50
1712_0022_0025_0054_0054.jpg 1 22 25 54 54
1713_0029_0019_0050_0050.jpg 1 29 19 50 50
1714_0047_0051_0035_0035.jpg 1 47 51 35 35
1715_0056_0057_0030_0030.jpg 1 56 57 30 30
1716_0016_0026_0060_0060.jpg 1 16 26 60 60
1717_0026_0037_0056_0056.jpg 1 26 37 56 56
1718_0010_0026_0050_0050.jpg 1 10 26 50 50
1719_0059_0051_0025_0025.jpg 1 59 51 25 25
1720_0025_0020_0061_0061.jpg 1 25 20 61 61
1721_0026_0013_0037_0037.jpg 1 26 13 37 37
1722_0015_0021_0036_0036.jpg 1 15 21 36 36
1723_0013_0028_0058_0058.jpg 1 13 28 58 58
1724_0019_0021_0066_0066.jpg 1 19 21 66 66
1725_0023_0029_0055_0055.jpg 1 23 29 55 55
1726_0017_0022_0065_0065.jpg 1 17 22 65 65
1727_0033_0017_0050_0050.jpg 1 33 17 50 50
1728_0014_0042_0038_0038.jpg 1 14 42 38 38
1729_0013_0012_0045_0045.jpg 1 13 12 45 45
1730_0018_0025_0042_0042.jpg 1 18 25 42 42
1731_0020_0013_0048_0048.jpg 1 20 13 48 48
1732_0050_0041_0037_0037.jpg 1 50 41 37 37
1733_0045_0048_0040_0040.jpg 1 45 48 40 40
1734_0058_0028_0035_0035.jpg 1 58 28 35 35
1735_0013_0009_0053_0053.jpg 1 13 9 53 53
1736_0043_0005_0049_0049.jpg 1 43 5 49 49
1737_0014_0013_0061_0061.jpg 1 14 13 61 61
1738_0035_0015_0059_0059.jpg 1 35 15 59 59
1739_0010_0009_0033_0033.jpg 1 10 9 33 33
1740_0028_0005_0059_0059.jpg 1 28 5 59 59
1741_0030_0057_0026_0026.jpg 1 30 57 26 26
1742_0047_0036_0030_0030.jpg 1 47 36 30 30
1743_0034_0016_0047_0047.jpg 1 34 16 47 47
1744_0007_0048_0046_0046.jpg 1 7 48 46 46
1745_0027_0035_0059_0059.jpg 1 27 35 59 59
1746_0031_0019_0056_0056.jpg 1 31 19 56 56
1747_0026_0026_0042_0042.jpg 1 26 26 42 42
1748_0026_0021_0065_0065.jpg 1 26 21 65 65
1749_0021_0045_0027_0027.jpg 1 21 45 27 27
1750_0008_0031_0056_0056.jpg 1 8 31 56 56
1751_0026_0039_0038_0038.jpg 1 26 39 38 38
1752_0038_0020_0047_0047.jpg 1 38 20 47 47
1753_0033_0052_0031_0031.jpg 1 33 52 31 31
1754_0016_0028_0049_0049.jpg 1 16 28 49 49
1755_0019_0047_0042_0042.jpg 1 19 47 42 42
1756_0043_0049_0033_0033.jpg 1 43 49 33 33
1757_0010_0055_0034_0034.jpg 1 10 55 34 34
1758_0027_0034_0035_0035.jpg 1 27 34 35 35
1759_0026_0023_0065_0065.jpg 1 26 23 65 65
1760_0012_0045_0040_0040.jpg 1 12 45 40 40
1761_0013_0019_0067_0067.jpg 1 13 19 67 67
1762_0010_0023_0069_0069.jpg 1 10 23 69 69
1763_0056_0019_0024_0024.jpg 1 56 19 24 24
1764_0035_0013_0050_0050.jpg 1 35 13 50 50
1765_0025_0010_0059_0059.jpg 1 25 10 59 59
1766_0053_0033_0040_0040.jpg 1 53 33 40 40
1767_0047_0006_0033_0033.jpg 1 47 6 33 33
1768_0014_0014_0068_0068.jpg 1 14 14 68 68
1769_0010_0012_0065_0065.jpg 1 10 12 65 65
1770_0007_0049_0038_0038.jpg 1 7 49 38 38
1771_0017_0015_0060_0060.jpg 1 17 15 60 60
1772_0021_0009_0069_0069.jpg 1 21 9 69 69
1773_0017_0006_0052_0052.jpg 1 17 6 52 52
1774_0035_0039_0025_0025.jpg 1 35 39 25 25
1775_0032_0021_0045_0045.jpg 1 32 21 45 45
1776_0024_0012_0056_0056.jpg 1 24 12 56 56
1777_0018_0042_0035_0035.jpg 1 18 42 35 35
1778_0011_0043_0045_0045.jpg 1 11 43 45 45
1779_0020_0027_0060_0060.jpg 1 20 27 60 60
1780_0013_0060_0026_0026.jpg 1 13 60 26 26
1781_0006_0013_0056_0056.jpg 1 6 13 56 56
1782_0049_0039_0024_0024.jpg 1 49 39 24 24
1783_0015_0013_0044_0044.jpg 1 15 13 44 44
1784_0029_0059_0029_0029.jpg 1 29 59 29 29
1785_0018_0017_0062_0062.jpg 1 18 17 62 62
1786_0020_0016_0065_0065.jpg 1 20 16 65 65
1787_0017_0043_0045_0045.jpg 1 17 43 45 45
1788_0025_0026_0051_0051.jpg 1 25 26 51 51
1789_0030_0036_0052_0052.jpg 1 30 36 52 52
1790_0030_0045_0035_0035.jpg 1 30 45 35 35
1791_0007_0034_0057_0057.jpg 1 7 34 57 57
1792_0026_0013_0030_0030.jpg 1 26 13 30 30
1793_0020_0007_0029_0029.jpg 1 20 7 29 29
1794_0029_0009_0062_0062.jpg 1 29 9 62 62
1795_0047_0045_0035_0035.jpg 1 47 45 35 35
1796_0023_0041_0034_0034.jpg 1 23 41 34 34
1797_0034_0023_0061_0061.jpg 1 34 23 61 61
1798_0007_0027_0040_0040.jpg 1 7 27 40 40
1799_0039_0028_0037_0037.jpg 1 39 28 37 37
1800_0008_0034_0052_0052.jpg 1 8 34 52 52
1801_0019_0028_0066_0066.jpg 1 19 28 66 66
1802_0047_0028_0032_0032.jpg 1 47 28 32 32
1803_0008_0004_0066_0066.jpg 1 8 4 66 66
1804_0024_0019_0068_0068.jpg 1 24 19 68 68
1805_0039_0024_0037_0037.jpg 1 39 24 37 37
1806_0062_0035_0028_0028.jpg 1 62 35 28 28
1807_0012_0027_0058_0058.jpg 1 12 27 58 58
1808_0020_0024_0029_0029.jpg 1 20 24 29 29
1809_0017_0028_0041_0041.jpg 1 17 28 41 41
1810_0017_0029_0032_0032.jpg 1 17 29 32 32
1811_0053_0007_0027_0027.jpg 1 53 7 27 27
1812_0020_0026_0066_0066.jpg 1 20 26 66 66
1813_0014_0024_0036_0036.jpg 1 14 24 36 36
1814_0040_0010_0028_0028.jpg 1 40 10 28 28
1815_0047_0007_0040_0040.jpg 1 47 7 40 40
1816_0052_0051_0042_0042.jpg 1 52 51 42 42
1817_0021_0036_0046_0046.jpg 1 21 36 46 46
1818_0011_0009_0069_0069.jpg 1 11 9 69 69
1819_0048_0037_0030_0030.jpg 1 48 37 30 30
1820_0034_0039_0034_0034.jpg 1 34 39 34 34
1821_0028_0008_0042_0042.jpg 1 28 8 42 42
1822_0049_0030_0040_0040.jpg 1 49 30 40 40
1823_0021_0011_0051_0051.jpg 1 21 11 51 51
1824_0007_0013_0049_0049.jpg 1 7 13 49 49
1825_0015_0022_0042_0042.jpg 1 15 22 42 42
1826_0048_0036_0028_0028.jpg 1 48 36 28 28
1827_0033_0025_0059_0059.jpg 1 33 25 59 59
1828_0023_0035_0058_0058.jpg 1 23 35 58 58
1829_0029_0011_0057_0057.jpg 1 29 11 57 57
1830_0022_0015_0063_0063.jpg 1 22 15 63 63
1831_0040_0022_0031_0031.jpg 1 40 22 31 31
1832_0024_0012_0065_0065.jpg 1 24 12 65 65
1833_0031_0030_0051_0051.jpg 1 31 30 51 51
1834_0045_0039_0041_0041.jpg 1 45 39 41 41
1835_0011_0024_0063_0063.jpg 1 11 24 63 63
1836_0010_0014_0045_0045.jpg 1 10 14 45 45
1837_0013_0051_0033_0033.jpg 1 13 51 33 33
1838_0028_0032_0031_0031.jpg 1 28 32 31 31
1839_0009_0004_0054_0054.jpg 1 9 4 54 54
1840_0030_0031_0055_0055.jpg 1 30 31 55 55
1841_0016_0010_0066_0066.jpg 1 16 10 66 66
1842_0035_0036_0029_0029.jpg 1 35 36 29 29
1843_0017_0044_0034_0034.jpg 1 17 44 34 34
1844_0015_0019_0051_0051.jpg 1 15 19 51 51
1845_0022_0031_0036_0036.jpg 1 22 31 36 36
1846_0003_0025_0069_0069.jpg 1 3 25 69 69
1847_0014_0046_0026_0026.jpg 1 14 46 26 26
1848_0010_0020_0028_0028.jpg 1 10 20 28 28
1849_0027_0034_0049_0049.jpg 1 27 34 49 49
1850_0019_0036_0030_0030.jpg 1 19 36 30 30
1851_0046_0043_0024_0024.jpg 1 46 43 24 24
1852_0012_0035_0055_0055.jpg 1 12 35 55 55
1853_0020_0018_0059_0059.jpg 1 20 18 59 59
1854_0057_0010_0026_0026.jpg 1 57 10 26 26
1855_0015_0049_0040_0040.jpg 1 15 49 40 40
1856_0054_0060_0026_0026.jpg 1 54 60 26 26
1857_0049_0036_0027_0027.jpg 1 49 36 27 27
1858_0020_0057_0029_0029.jpg 1 20 57 29 29
1859_0056_0009_0034_0034.jpg 1 56 9 34 34
1860_0031_0031_0060_0060.jpg 1 31 31 60 60
1861_0036_0016_0031_0031.jpg 1 36 16 31 31
1862_0035_0021_0058_0058.jpg 1 35 21 58 58
1863_0011_0035_0048_0048.jpg 1 11 35 48 48
1864_0020_0049_0028_0028.jpg 1 20 49 28 28
1865_0020_0015_0039_0039.jpg 1 20 15 39 39
1866_0021_0027_0030_0030.jpg 1 21 27 30 30
1867_0033_0017_0045_0045.jpg 1 33 17 45 45
1868_0013_0026_0051_0051.jpg 1 13 26 51 51
1869_0013_0056_0035_0035.jpg 1 13 56 35 35
1870_0043_0035_0027_0027.jpg 1 43 35 27 27
1871_0023_0017_0061_0061.jpg 1 23 17 61 61
1872_0040_0026_0026_0026.jpg 1 40 26 26 26
1873_0042_0047_0041_0041.jpg 1 42 47 41 41
1874_0023_0026_0067_0067.jpg 1 23 26 67 67
1875_0027_0023_0045_0045.jpg 1 27 23 45 45
1876_0027_0033_0059_0059.jpg 1 27 33 59 59
1877_0016_0010_0040_0040.jpg 1 16 10 40 40
1878_0034_0025_0057_0057.jpg 1 34 25 57 57
1879_0027_0016_0058_0058.jpg 1 27 16 58 58
1880_0021_0010_0039_0039.jpg 1 21 10 39 39
1881_0034_0030_0056_0056.jpg 1 34 30 56 56
1882_0013_0025_0037_0037.jpg 1 13 25 37 37
1883_0031_0045_0049_0049.jpg 1 31 45 49 49
1884_0009_0024_0064_0064.jpg 1 9 24 64 64
1885_0050_0040_0040_0040.jpg 1 50 40 40 40
1886_0048_0017_0046_0046.jpg 1 48 17 46 46
1887_0014_0030_0063_0063.jpg 1 14 30 63 63
1888_0035_0016_0053_0053.jpg 1 35 16 53 53
1889_0044_0047_0042_0042.jpg 1 44 47 42 42
1890_0035_0023_0043_0043.jpg 1 35 23 43 43
1891_0036_0024_0050_0050.jpg 1 36 24 50 50
1892_0054_0011_0034_0034.jpg 1 54 11 34 34
1893_0026_0008_0027_0027.jpg 1 26 8 27 27
1894_0019_0051_0039_0039.jpg 1 19 51 39 39
1895_0044_0038_0026_0026.jpg 1 44 38 26 26
1896_0026_0015_0029_0029.jpg 1 26 15 29 29
1897_0051_0008_0031_0031.jpg 1 51 8 31 31
1898_0037_0007_0045_0045.jpg 1 37 7 45 45
1899_0017_0027_0061_0061.jpg 1 17 27 61 61
1900_0027_0024_0067_0067.jpg 1 27 24 67 67
1901_0053_0011_0040_0040.jpg 1 53 11 40 40
1902_0011_0009_0041_0041.jpg 1 11 9 41 41
1903_0037_0010_0056_0056.jpg 1 37 10 56 56
1904_0018_0050_0036_0036.jpg 1 18 50 36 36
1905_0026_0028_0064_0064.jpg 1 26 28 64 64
1906_0038_0029_0039_0039.jpg 1 38 29 39 39
1907_0019_0020_0066_0066.jpg 1 19 20 66 66
1908_0051_0060_0026_0026.jpg 1 51 60 26 26
1909_0032_0006_0051_0051.jpg 1 32 6 51 51
1910_0019_0008_0060_0060.jpg 1 19 8 60 60
1911_0020_0014_0036_0036.jpg 1 20 14 36 36
1912_0048_0043_0036_0036.jpg 1 48 43 36 36
1913_0020_0024_0067_0067.jpg 1 20 24 67 67
1914_0046_0012_0045_0045.jpg 1 46 12 45 45
1915_0029_0006_0067_0067.jpg 1 29 6 67 67
1916_0025_0037_0053_0053.jpg 1 25 37 53 53
1917_0054_0028_0027_0027.jpg 1 54 28 27 27
1918_0040_0027_0051_0051.jpg 1 40 27 51 51
1919_0005_0008_0068_0068.jpg 1 5 8 68 68
1920_0016_0006_0058_0058.jpg 1 16 6 58 58
1921_0029_0025_0066_0066.jpg 1 29 25 66 66
1922_0027_0030_0036_0036.jpg 1 27 30 36 36
1923_0055_0038_0024_0024.jpg 1 55 38 24 24
1924_0004_0038_0052_0052.jpg 1 4 38 52 52
1925_0052_0038_0030_0030.jpg 1 52 38 30 30
1926_0004_0032_0063_0063.jpg 1 4 32 63 63
1927_0010_0019_0030_0030.jpg 1 10 19 30 30
1928_0014_0019_0067_0067.jpg 1 14 19 67 67
1929_0025_0049_0038_0038.jpg 1 25 49 38 38
1930_0009_0058_0031_0031.jpg 1 9 58 31 31
1931_0023_0007_0066_0066.jpg 1 23 7 66 66
1932_0025_0032_0053_0053.jpg 1 25 32 53 53
1933_0020_0003_0066_0066.jpg 1 20 3 66 66
1934_0006_0005_0046_0046.jpg 1 6 5 46 46
1935_0010_0020_0060_0060.jpg 1 10 20 60 60
1936_0008_0008_0033_0033.jpg 1 8 8 33 33
1937_0005_0037_0055_0055.jpg 1 5 37 55 55
1938_0020_0036_0039_0039.jpg 1 20 36 39 39
1939_0052_0015_0040_0040.jpg 1 52 15 40 40
1940_0007_0041_0047_0047.jpg 1 7 41 47 47
1941_0026_0012_0042_0042.jpg 1 26 12 42 42
1942_0010_0028_0060_0060.jpg 1 10 28 60 60
1943_0022_0041_0050_0050.jpg 1 22 41 50 50
1944_0022_0025_0069_0069.jpg 1 22 25 69 69
1945_0034_0006_0048_0048.jpg 1 34 6 48 48
1946_0028_0009_0036_0036.jpg 1 28 9 36 36
1947_0036_0021_0055_0055.jpg 1 36 21 55 55
1948_0017_0035_0051_0051.jpg 1 17 35 51 51
1949_0013_0017_0065_0065.jpg 1 13 17 65 65
1950_0038_0043_0044_0044.jpg 1 38 43 44 44
